<?xml version="1.0" encoding="UTF-8"?>
<testsuite name="com.jinsu.pak.springBootTest.web.domain.posts.PostRepositoryTest" tests="2" skipped="0" failures="0" errors="0" timestamp="2020-04-28T10:18:08" hostname="JINSMac" time="0.136">
  <properties/>
  <testcase name="게시글저장_불러오기" classname="com.jinsu.pak.springBootTest.web.domain.posts.PostRepositoryTest" time="0.128"/>
  <testcase name="BaseTimeEntity_등록" classname="com.jinsu.pak.springBootTest.web.domain.posts.PostRepositoryTest" time="0.007"/>
  <system-out><![CDATA[19:18:04.358 [Test worker] DEBUG org.springframework.test.context.junit4.SpringJUnit4ClassRunner - SpringJUnit4ClassRunner constructor called with [class com.jinsu.pak.springBootTest.web.domain.posts.PostRepositoryTest]
19:18:04.362 [Test worker] DEBUG org.springframework.test.context.BootstrapUtils - Instantiating CacheAwareContextLoaderDelegate from class [org.springframework.test.context.cache.DefaultCacheAwareContextLoaderDelegate]
19:18:04.368 [Test worker] DEBUG org.springframework.test.context.BootstrapUtils - Instantiating BootstrapContext using constructor [public org.springframework.test.context.support.DefaultBootstrapContext(java.lang.Class,org.springframework.test.context.CacheAwareContextLoaderDelegate)]
19:18:04.381 [Test worker] DEBUG org.springframework.test.context.BootstrapUtils - Instantiating TestContextBootstrapper for test class [com.jinsu.pak.springBootTest.web.domain.posts.PostRepositoryTest] from class [org.springframework.boot.test.context.SpringBootTestContextBootstrapper]
19:18:04.389 [Test worker] INFO org.springframework.boot.test.context.SpringBootTestContextBootstrapper - Neither @ContextConfiguration nor @ContextHierarchy found for test class [com.jinsu.pak.springBootTest.web.domain.posts.PostRepositoryTest], using SpringBootContextLoader
19:18:04.392 [Test worker] DEBUG org.springframework.test.context.support.AbstractContextLoader - Did not detect default resource location for test class [com.jinsu.pak.springBootTest.web.domain.posts.PostRepositoryTest]: class path resource [com/jinsu/pak/springBootTest/web/domain/posts/PostRepositoryTest-context.xml] does not exist
19:18:04.392 [Test worker] DEBUG org.springframework.test.context.support.AbstractContextLoader - Did not detect default resource location for test class [com.jinsu.pak.springBootTest.web.domain.posts.PostRepositoryTest]: class path resource [com/jinsu/pak/springBootTest/web/domain/posts/PostRepositoryTestContext.groovy] does not exist
19:18:04.392 [Test worker] INFO org.springframework.test.context.support.AbstractContextLoader - Could not detect default resource locations for test class [com.jinsu.pak.springBootTest.web.domain.posts.PostRepositoryTest]: no resource found for suffixes {-context.xml, Context.groovy}.
19:18:04.393 [Test worker] INFO org.springframework.test.context.support.AnnotationConfigContextLoaderUtils - Could not detect default configuration classes for test class [com.jinsu.pak.springBootTest.web.domain.posts.PostRepositoryTest]: PostRepositoryTest does not declare any static, non-private, non-final, nested classes annotated with @Configuration.
19:18:04.421 [Test worker] DEBUG org.springframework.test.context.support.ActiveProfilesUtils - Could not find an 'annotation declaring class' for annotation type [org.springframework.test.context.ActiveProfiles] and class [com.jinsu.pak.springBootTest.web.domain.posts.PostRepositoryTest]
19:18:04.504 [Test worker] DEBUG org.springframework.context.annotation.ClassPathScanningCandidateComponentProvider - Identified candidate component class: file [/Users/jins/IdeaProjects/springBootTest/build/classes/java/main/com/jinsu/pak/springBootTest/Application.class]
19:18:04.505 [Test worker] INFO org.springframework.boot.test.context.SpringBootTestContextBootstrapper - Found @SpringBootConfiguration com.jinsu.pak.springBootTest.Application for test class com.jinsu.pak.springBootTest.web.domain.posts.PostRepositoryTest
19:18:04.573 [Test worker] DEBUG org.springframework.boot.test.context.SpringBootTestContextBootstrapper - @TestExecutionListeners is not present for class [com.jinsu.pak.springBootTest.web.domain.posts.PostRepositoryTest]: using defaults.
19:18:04.574 [Test worker] INFO org.springframework.boot.test.context.SpringBootTestContextBootstrapper - Loaded default TestExecutionListener class names from location [META-INF/spring.factories]: [org.springframework.security.test.context.support.WithSecurityContextTestExecutionListener, org.springframework.security.test.context.support.ReactorContextTestExecutionListener, org.springframework.boot.test.autoconfigure.restdocs.RestDocsTestExecutionListener, org.springframework.boot.test.autoconfigure.web.client.MockRestServiceServerResetTestExecutionListener, org.springframework.boot.test.autoconfigure.web.servlet.MockMvcPrintOnlyOnFailureTestExecutionListener, org.springframework.boot.test.autoconfigure.web.servlet.WebDriverTestExecutionListener, org.springframework.boot.test.mock.mockito.MockitoTestExecutionListener, org.springframework.boot.test.mock.mockito.ResetMocksTestExecutionListener, org.springframework.test.context.web.ServletTestExecutionListener, org.springframework.test.context.support.DirtiesContextBeforeModesTestExecutionListener, org.springframework.test.context.support.DependencyInjectionTestExecutionListener, org.springframework.test.context.support.DirtiesContextTestExecutionListener, org.springframework.test.context.transaction.TransactionalTestExecutionListener, org.springframework.test.context.jdbc.SqlScriptsTestExecutionListener]
19:18:04.587 [Test worker] INFO org.springframework.boot.test.context.SpringBootTestContextBootstrapper - Using TestExecutionListeners: [org.springframework.test.context.web.ServletTestExecutionListener@23953566, org.springframework.test.context.support.DirtiesContextBeforeModesTestExecutionListener@34a73bca, org.springframework.boot.test.mock.mockito.MockitoTestExecutionListener@2e78cac0, org.springframework.boot.test.autoconfigure.SpringBootDependencyInjectionTestExecutionListener@2d0f4bde, org.springframework.test.context.support.DirtiesContextTestExecutionListener@27bb651c, org.springframework.test.context.transaction.TransactionalTestExecutionListener@2acf734a, org.springframework.test.context.jdbc.SqlScriptsTestExecutionListener@42099219, org.springframework.security.test.context.support.WithSecurityContextTestExecutionListener@158f603d, org.springframework.security.test.context.support.ReactorContextTestExecutionListener@69e07415, org.springframework.boot.test.autoconfigure.restdocs.RestDocsTestExecutionListener@38e41f40, org.springframework.boot.test.autoconfigure.web.client.MockRestServiceServerResetTestExecutionListener@36f3cb1f, org.springframework.boot.test.autoconfigure.web.servlet.MockMvcPrintOnlyOnFailureTestExecutionListener@5813cb74, org.springframework.boot.test.autoconfigure.web.servlet.WebDriverTestExecutionListener@32b95cbf, org.springframework.boot.test.mock.mockito.ResetMocksTestExecutionListener@2a3f4bb7]
19:18:04.588 [Test worker] DEBUG org.springframework.test.annotation.ProfileValueUtils - Retrieved @ProfileValueSourceConfiguration [null] for test class [com.jinsu.pak.springBootTest.web.domain.posts.PostRepositoryTest]
19:18:04.588 [Test worker] DEBUG org.springframework.test.annotation.ProfileValueUtils - Retrieved ProfileValueSource type [class org.springframework.test.annotation.SystemProfileValueSource] for class [com.jinsu.pak.springBootTest.web.domain.posts.PostRepositoryTest]
19:18:04.588 [Test worker] DEBUG org.springframework.test.annotation.ProfileValueUtils - Retrieved @ProfileValueSourceConfiguration [null] for test class [com.jinsu.pak.springBootTest.web.domain.posts.PostRepositoryTest]
19:18:04.589 [Test worker] DEBUG org.springframework.test.annotation.ProfileValueUtils - Retrieved ProfileValueSource type [class org.springframework.test.annotation.SystemProfileValueSource] for class [com.jinsu.pak.springBootTest.web.domain.posts.PostRepositoryTest]
19:18:04.591 [Test worker] DEBUG org.springframework.test.context.support.AbstractDirtiesContextTestExecutionListener - Before test class: context [DefaultTestContext@105cd09f testClass = PostRepositoryTest, testInstance = [null], testMethod = [null], testException = [null], mergedContextConfiguration = [WebMergedContextConfiguration@1cfdcb1e testClass = PostRepositoryTest, locations = '{}', classes = '{class com.jinsu.pak.springBootTest.Application}', contextInitializerClasses = '[]', activeProfiles = '{}', propertySourceLocations = '{}', propertySourceProperties = '{org.springframework.boot.test.context.SpringBootTestContextBootstrapper=true}', contextCustomizers = set[org.springframework.boot.test.autoconfigure.properties.PropertyMappingContextCustomizer@0, org.springframework.boot.test.autoconfigure.web.servlet.WebDriverContextCustomizerFactory$Customizer@6ac6b0bc, org.springframework.boot.test.context.filter.ExcludeFilterContextCustomizer@5518390b, org.springframework.boot.test.json.DuplicateJsonObjectContextCustomizerFactory$DuplicateJsonObjectContextCustomizer@5ae70145, org.springframework.boot.test.mock.mockito.MockitoContextCustomizer@0, org.springframework.boot.test.web.client.TestRestTemplateContextCustomizer@7310eb15], resourceBasePath = 'src/main/webapp', contextLoader = 'org.springframework.boot.test.context.SpringBootContextLoader', parent = [null]], attributes = map['org.springframework.test.context.web.ServletTestExecutionListener.activateListener' -> true]], class annotated with @DirtiesContext [false] with mode [null].
19:18:04.592 [Test worker] DEBUG org.springframework.test.annotation.ProfileValueUtils - Retrieved @ProfileValueSourceConfiguration [null] for test class [com.jinsu.pak.springBootTest.web.domain.posts.PostRepositoryTest]
19:18:04.592 [Test worker] DEBUG org.springframework.test.annotation.ProfileValueUtils - Retrieved ProfileValueSource type [class org.springframework.test.annotation.SystemProfileValueSource] for class [com.jinsu.pak.springBootTest.web.domain.posts.PostRepositoryTest]
19:18:04.605 [Test worker] DEBUG org.springframework.test.context.support.TestPropertySourceUtils - Adding inlined properties to environment: {spring.jmx.enabled=false, org.springframework.boot.test.context.SpringBootTestContextBootstrapper=true, server.port=-1}

  .   ____          _            __ _ _
 /\\ / ___'_ __ _ _(_)_ __  __ _ \ \ \ \
( ( )\___ | '_ | '_| | '_ \/ _` | \ \ \ \
 \\/  ___)| |_)| | | | | || (_| |  ) ) ) )
  '  |____| .__|_| |_|_| |_\__, | / / / /
 =========|_|==============|___/=/_/_/_/
 :: Spring Boot ::        (v2.1.7.RELEASE)

2020-04-28 19:18:04.783  INFO 5089 --- [    Test worker] c.j.p.s.w.d.posts.PostRepositoryTest     : Starting PostRepositoryTest on JINSMac with PID 5089 (started by jins in /Users/jins/IdeaProjects/springBootTest)
2020-04-28 19:18:04.784  INFO 5089 --- [    Test worker] c.j.p.s.w.d.posts.PostRepositoryTest     : No active profile set, falling back to default profiles: default
2020-04-28 19:18:05.311  INFO 5089 --- [    Test worker] .s.d.r.c.RepositoryConfigurationDelegate : Bootstrapping Spring Data repositories in DEFAULT mode.
2020-04-28 19:18:05.368  INFO 5089 --- [    Test worker] .s.d.r.c.RepositoryConfigurationDelegate : Finished Spring Data repository scanning in 50ms. Found 2 repository interfaces.
2020-04-28 19:18:05.712  INFO 5089 --- [    Test worker] trationDelegate$BeanPostProcessorChecker : Bean 'org.springframework.transaction.annotation.ProxyTransactionManagementConfiguration' of type [org.springframework.transaction.annotation.ProxyTransactionManagementConfiguration$$EnhancerBySpringCGLIB$$71854715] is not eligible for getting processed by all BeanPostProcessors (for example: not eligible for auto-proxying)
2020-04-28 19:18:05.880  INFO 5089 --- [    Test worker] com.zaxxer.hikari.HikariDataSource       : HikariPool-1 - Starting...
2020-04-28 19:18:06.001  INFO 5089 --- [    Test worker] com.zaxxer.hikari.HikariDataSource       : HikariPool-1 - Start completed.
2020-04-28 19:18:06.062  INFO 5089 --- [    Test worker] o.hibernate.jpa.internal.util.LogHelper  : HHH000204: Processing PersistenceUnitInfo [
	name: default
	...]
2020-04-28 19:18:06.107  INFO 5089 --- [    Test worker] org.hibernate.Version                    : HHH000412: Hibernate Core {5.3.10.Final}
2020-04-28 19:18:06.108  INFO 5089 --- [    Test worker] org.hibernate.cfg.Environment            : HHH000206: hibernate.properties not found
2020-04-28 19:18:06.208  INFO 5089 --- [    Test worker] o.hibernate.annotations.common.Version   : HCANN000001: Hibernate Commons Annotations {5.0.4.Final}
2020-04-28 19:18:06.309  INFO 5089 --- [    Test worker] org.hibernate.dialect.Dialect            : HHH000400: Using dialect: org.hibernate.dialect.MySQL5InnoDBDialect
Hibernate: drop table if exists posts
Hibernate: drop table if exists user
Hibernate: create table posts (id bigint not null auto_increment, created_date datetime, modified_date datetime, author varchar(255), content TEXT not null, title varchar(500) not null, primary key (id)) engine=InnoDB
Hibernate: create table user (id bigint not null auto_increment, created_date datetime, modified_date datetime, email varchar(255) not null, name varchar(255) not null, picture varchar(255), role varchar(255) not null, primary key (id)) engine=InnoDB
2020-04-28 19:18:06.764  INFO 5089 --- [    Test worker] o.h.t.schema.internal.SchemaCreatorImpl  : HHH000476: Executing import script 'org.hibernate.tool.schema.internal.exec.ScriptSourceInputNonExistentImpl@5257a303'
2020-04-28 19:18:06.766  INFO 5089 --- [    Test worker] j.LocalContainerEntityManagerFactoryBean : Initialized JPA EntityManagerFactory for persistence unit 'default'
2020-04-28 19:18:07.161  INFO 5089 --- [    Test worker] o.h.h.i.QueryTranslatorFactoryInitiator  : HHH000397: Using ASTQueryTranslatorFactory
2020-04-28 19:18:07.564  INFO 5089 --- [    Test worker] o.s.s.web.DefaultSecurityFilterChain     : Creating filter chain: any request, [org.springframework.security.web.context.request.async.WebAsyncManagerIntegrationFilter@6ed43d9a, org.springframework.security.web.context.SecurityContextPersistenceFilter@51bc08c0, org.springframework.security.web.header.HeaderWriterFilter@733e096d, org.springframework.security.web.authentication.logout.LogoutFilter@3ab35947, org.springframework.security.oauth2.client.web.OAuth2AuthorizationRequestRedirectFilter@627f2c95, org.springframework.security.oauth2.client.web.OAuth2LoginAuthenticationFilter@74c48d7e, org.springframework.security.web.authentication.ui.DefaultLoginPageGeneratingFilter@573b3a5b, org.springframework.security.web.authentication.ui.DefaultLogoutPageGeneratingFilter@254634be, org.springframework.security.web.savedrequest.RequestCacheAwareFilter@77ea1fdf, org.springframework.security.web.servletapi.SecurityContextHolderAwareRequestFilter@284f02d7, org.springframework.security.web.authentication.AnonymousAuthenticationFilter@1dadeb51, org.springframework.security.web.session.SessionManagementFilter@1f8fe68a, org.springframework.security.web.access.ExceptionTranslationFilter@da5b172, org.springframework.security.web.access.intercept.FilterSecurityInterceptor@f24724]
2020-04-28 19:18:07.982  INFO 5089 --- [    Test worker] o.s.s.concurrent.ThreadPoolTaskExecutor  : Initializing ExecutorService 'applicationTaskExecutor'
2020-04-28 19:18:08.027  WARN 5089 --- [    Test worker] aWebConfiguration$JpaWebMvcConfiguration : spring.jpa.open-in-view is enabled by default. Therefore, database queries may be performed during view rendering. Explicitly configure spring.jpa.open-in-view to disable this warning
2020-04-28 19:18:08.071  INFO 5089 --- [    Test worker] o.s.b.a.w.s.WelcomePageHandlerMapping    : Adding welcome page template: index
2020-04-28 19:18:08.454  INFO 5089 --- [    Test worker] s.a.ScheduledAnnotationBeanPostProcessor : No TaskScheduler/ScheduledExecutorService bean found for scheduled processing
2020-04-28 19:18:08.462  INFO 5089 --- [    Test worker] c.j.p.s.w.d.posts.PostRepositoryTest     : Started PostRepositoryTest in 3.85 seconds (JVM running for 4.584)
Hibernate: insert into posts (created_date, modified_date, author, content, title) values (?, ?, ?, ?, ?)
Hibernate: select posts0_.id as id1_0_, posts0_.created_date as created_2_0_, posts0_.modified_date as modified3_0_, posts0_.author as author4_0_, posts0_.content as content5_0_, posts0_.title as title6_0_ from posts posts0_
Hibernate: select posts0_.id as id1_0_, posts0_.created_date as created_2_0_, posts0_.modified_date as modified3_0_, posts0_.author as author4_0_, posts0_.content as content5_0_, posts0_.title as title6_0_ from posts posts0_
Hibernate: delete from posts where id=?
Hibernate: insert into posts (created_date, modified_date, author, content, title) values (?, ?, ?, ?, ?)
Hibernate: select posts0_.id as id1_0_, posts0_.created_date as created_2_0_, posts0_.modified_date as modified3_0_, posts0_.author as author4_0_, posts0_.content as content5_0_, posts0_.title as title6_0_ from posts posts0_
>>>>>>>>> createDate = 2020-04-28T19:18:08.605, modifiedDate = 2020-04-28T19:18:08.605
Hibernate: select posts0_.id as id1_0_, posts0_.created_date as created_2_0_, posts0_.modified_date as modified3_0_, posts0_.author as author4_0_, posts0_.content as content5_0_, posts0_.title as title6_0_ from posts posts0_
Hibernate: delete from posts where id=?
]]></system-out>
  <system-err><![CDATA[]]></system-err>
</testsuite>
