<?xml version="1.0" encoding="UTF-8"?>
<testsuite name="com.jinsu.pak.springBootTest.web.dto.HelloResponseDtoTest" tests="1" skipped="0" failures="0" errors="0" timestamp="2020-04-28T12:33:06" hostname="JINSMac" time="0.033">
  <properties/>
  <testcase name="롬복_기능_테스트" classname="com.jinsu.pak.springBootTest.web.dto.HelloResponseDtoTest" time="0.033"/>
  <system-out><![CDATA[]]></system-out>
  <system-err><![CDATA[]]></system-err>
</testsuite>
