<?xml version="1.0" encoding="UTF-8"?>
<testsuite name="com.jinsu.pak.springBootTest.web.IndexControllerTest" tests="1" skipped="0" failures="0" errors="0" timestamp="2020-04-27T12:12:29" hostname="JINSMac.local" time="0.208">
  <properties/>
  <testcase name="메인페이지_로딩" classname="com.jinsu.pak.springBootTest.web.IndexControllerTest" time="0.208"/>
  <system-out><![CDATA[2020-04-27 21:12:28.056  INFO 3643 --- [    Test worker] .b.t.c.SpringBootTestContextBootstrapper : Neither @ContextConfiguration nor @ContextHierarchy found for test class [com.jinsu.pak.springBootTest.web.IndexControllerTest], using SpringBootContextLoader
2020-04-27 21:12:28.056  INFO 3643 --- [    Test worker] o.s.t.c.support.AbstractContextLoader    : Could not detect default resource locations for test class [com.jinsu.pak.springBootTest.web.IndexControllerTest]: no resource found for suffixes {-context.xml, Context.groovy}.
2020-04-27 21:12:28.057  INFO 3643 --- [    Test worker] t.c.s.AnnotationConfigContextLoaderUtils : Could not detect default configuration classes for test class [com.jinsu.pak.springBootTest.web.IndexControllerTest]: IndexControllerTest does not declare any static, non-private, non-final, nested classes annotated with @Configuration.
2020-04-27 21:12:28.058  INFO 3643 --- [    Test worker] .b.t.c.SpringBootTestContextBootstrapper : Found @SpringBootConfiguration com.jinsu.pak.springBootTest.Application for test class com.jinsu.pak.springBootTest.web.IndexControllerTest
2020-04-27 21:12:28.059  INFO 3643 --- [    Test worker] .b.t.c.SpringBootTestContextBootstrapper : Loaded default TestExecutionListener class names from location [META-INF/spring.factories]: [org.springframework.security.test.context.support.WithSecurityContextTestExecutionListener, org.springframework.security.test.context.support.ReactorContextTestExecutionListener, org.springframework.boot.test.autoconfigure.restdocs.RestDocsTestExecutionListener, org.springframework.boot.test.autoconfigure.web.client.MockRestServiceServerResetTestExecutionListener, org.springframework.boot.test.autoconfigure.web.servlet.MockMvcPrintOnlyOnFailureTestExecutionListener, org.springframework.boot.test.autoconfigure.web.servlet.WebDriverTestExecutionListener, org.springframework.boot.test.mock.mockito.MockitoTestExecutionListener, org.springframework.boot.test.mock.mockito.ResetMocksTestExecutionListener, org.springframework.test.context.web.ServletTestExecutionListener, org.springframework.test.context.support.DirtiesContextBeforeModesTestExecutionListener, org.springframework.test.context.support.DependencyInjectionTestExecutionListener, org.springframework.test.context.support.DirtiesContextTestExecutionListener, org.springframework.test.context.transaction.TransactionalTestExecutionListener, org.springframework.test.context.jdbc.SqlScriptsTestExecutionListener]
2020-04-27 21:12:28.060  INFO 3643 --- [    Test worker] .b.t.c.SpringBootTestContextBootstrapper : Using TestExecutionListeners: [org.springframework.test.context.web.ServletTestExecutionListener@3ea4e65e, org.springframework.test.context.support.DirtiesContextBeforeModesTestExecutionListener@6d474dda, org.springframework.boot.test.mock.mockito.MockitoTestExecutionListener@4abf2ec7, org.springframework.boot.test.autoconfigure.SpringBootDependencyInjectionTestExecutionListener@6a69cc1e, org.springframework.test.context.support.DirtiesContextTestExecutionListener@7366511b, org.springframework.test.context.transaction.TransactionalTestExecutionListener@2418eb30, org.springframework.test.context.jdbc.SqlScriptsTestExecutionListener@17e23062, org.springframework.security.test.context.support.WithSecurityContextTestExecutionListener@334f07bc, org.springframework.security.test.context.support.ReactorContextTestExecutionListener@72e07647, org.springframework.boot.test.autoconfigure.restdocs.RestDocsTestExecutionListener@11424240, org.springframework.boot.test.autoconfigure.web.client.MockRestServiceServerResetTestExecutionListener@1725012a, org.springframework.boot.test.autoconfigure.web.servlet.MockMvcPrintOnlyOnFailureTestExecutionListener@5c9c9695, org.springframework.boot.test.autoconfigure.web.servlet.WebDriverTestExecutionListener@2d3f910f, org.springframework.boot.test.mock.mockito.ResetMocksTestExecutionListener@2e6c86aa]

  .   ____          _            __ _ _
 /\\ / ___'_ __ _ _(_)_ __  __ _ \ \ \ \
( ( )\___ | '_ | '_| | '_ \/ _` | \ \ \ \
 \\/  ___)| |_)| | | | | || (_| |  ) ) ) )
  '  |____| .__|_| |_|_| |_\__, | / / / /
 =========|_|==============|___/=/_/_/_/
 :: Spring Boot ::        (v2.1.7.RELEASE)

2020-04-27 21:12:28.082  INFO 3643 --- [    Test worker] c.j.p.s.web.IndexControllerTest          : Starting IndexControllerTest on JINSMac.local with PID 3643 (started by jins in /Users/jins/IdeaProjects/springBootTest)
2020-04-27 21:12:28.082  INFO 3643 --- [    Test worker] c.j.p.s.web.IndexControllerTest          : No active profile set, falling back to default profiles: default
2020-04-27 21:12:28.278  INFO 3643 --- [    Test worker] .s.d.r.c.RepositoryConfigurationDelegate : Bootstrapping Spring Data repositories in DEFAULT mode.
2020-04-27 21:12:28.292  INFO 3643 --- [    Test worker] .s.d.r.c.RepositoryConfigurationDelegate : Finished Spring Data repository scanning in 14ms. Found 2 repository interfaces.
2020-04-27 21:12:28.418  INFO 3643 --- [    Test worker] trationDelegate$BeanPostProcessorChecker : Bean 'org.springframework.transaction.annotation.ProxyTransactionManagementConfiguration' of type [org.springframework.transaction.annotation.ProxyTransactionManagementConfiguration$$EnhancerBySpringCGLIB$$8890c740] is not eligible for getting processed by all BeanPostProcessors (for example: not eligible for auto-proxying)
2020-04-27 21:12:28.680  INFO 3643 --- [    Test worker] o.s.b.w.embedded.tomcat.TomcatWebServer  : Tomcat initialized with port(s): 0 (http)
2020-04-27 21:12:28.715  INFO 3643 --- [    Test worker] o.apache.catalina.core.StandardService   : Starting service [Tomcat]
2020-04-27 21:12:28.716  INFO 3643 --- [    Test worker] org.apache.catalina.core.StandardEngine  : Starting Servlet engine: [Apache Tomcat/9.0.22]
2020-04-27 21:12:28.861  INFO 3643 --- [    Test worker] o.a.c.c.C.[Tomcat].[localhost].[/]       : Initializing Spring embedded WebApplicationContext
2020-04-27 21:12:28.862  INFO 3643 --- [    Test worker] o.s.web.context.ContextLoader            : Root WebApplicationContext: initialization completed in 778 ms
2020-04-27 21:12:28.985  INFO 3643 --- [    Test worker] com.zaxxer.hikari.HikariDataSource       : HikariPool-2 - Starting...
2020-04-27 21:12:28.987  INFO 3643 --- [    Test worker] com.zaxxer.hikari.HikariDataSource       : HikariPool-2 - Start completed.
2020-04-27 21:12:29.007  INFO 3643 --- [    Test worker] o.hibernate.jpa.internal.util.LogHelper  : HHH000204: Processing PersistenceUnitInfo [
	name: default
	...]
2020-04-27 21:12:29.013  INFO 3643 --- [    Test worker] org.hibernate.dialect.Dialect            : HHH000400: Using dialect: org.hibernate.dialect.MySQL5InnoDBDialect
Hibernate: drop table if exists posts
Hibernate: drop table if exists user
Hibernate: create table posts (id bigint not null auto_increment, created_date datetime, modified_date datetime, author varchar(255), content TEXT not null, title varchar(500) not null, primary key (id)) engine=InnoDB
Hibernate: create table user (id bigint not null auto_increment, created_date datetime, modified_date datetime, email varchar(255) not null, name varchar(255) not null, picture varchar(255), role varchar(255) not null, primary key (id)) engine=InnoDB
2020-04-27 21:12:29.070  INFO 3643 --- [    Test worker] o.h.t.schema.internal.SchemaCreatorImpl  : HHH000476: Executing import script 'org.hibernate.tool.schema.internal.exec.ScriptSourceInputNonExistentImpl@2a1f42f2'
2020-04-27 21:12:29.070  INFO 3643 --- [    Test worker] j.LocalContainerEntityManagerFactoryBean : Initialized JPA EntityManagerFactory for persistence unit 'default'
2020-04-27 21:12:29.330  INFO 3643 --- [    Test worker] o.h.h.i.QueryTranslatorFactoryInitiator  : HHH000397: Using ASTQueryTranslatorFactory
2020-04-27 21:12:29.434  INFO 3643 --- [    Test worker] o.s.s.web.DefaultSecurityFilterChain     : Creating filter chain: any request, [org.springframework.security.web.context.request.async.WebAsyncManagerIntegrationFilter@7d56b86, org.springframework.security.web.context.SecurityContextPersistenceFilter@1c06e46b, org.springframework.security.web.header.HeaderWriterFilter@31ff1eeb, org.springframework.security.web.authentication.logout.LogoutFilter@445ebaaa, org.springframework.security.oauth2.client.web.OAuth2AuthorizationRequestRedirectFilter@4b42b67e, org.springframework.security.oauth2.client.web.OAuth2LoginAuthenticationFilter@602c239d, org.springframework.security.web.authentication.ui.DefaultLoginPageGeneratingFilter@6f503e97, org.springframework.security.web.authentication.ui.DefaultLogoutPageGeneratingFilter@3294e986, org.springframework.security.web.savedrequest.RequestCacheAwareFilter@4f3627c1, org.springframework.security.web.servletapi.SecurityContextHolderAwareRequestFilter@677608a, org.springframework.security.web.authentication.AnonymousAuthenticationFilter@6c3b58ec, org.springframework.security.web.session.SessionManagementFilter@d8c8843, org.springframework.security.web.access.ExceptionTranslationFilter@2c3feb89, org.springframework.security.web.access.intercept.FilterSecurityInterceptor@31c0869c]
2020-04-27 21:12:29.572  INFO 3643 --- [    Test worker] o.s.s.concurrent.ThreadPoolTaskExecutor  : Initializing ExecutorService 'applicationTaskExecutor'
2020-04-27 21:12:29.581  WARN 3643 --- [    Test worker] aWebConfiguration$JpaWebMvcConfiguration : spring.jpa.open-in-view is enabled by default. Therefore, database queries may be performed during view rendering. Explicitly configure spring.jpa.open-in-view to disable this warning
2020-04-27 21:12:29.602  INFO 3643 --- [    Test worker] o.s.b.a.w.s.WelcomePageHandlerMapping    : Adding welcome page template: index
2020-04-27 21:12:29.779  INFO 3643 --- [    Test worker] s.a.ScheduledAnnotationBeanPostProcessor : No TaskScheduler/ScheduledExecutorService bean found for scheduled processing
2020-04-27 21:12:29.800  INFO 3643 --- [    Test worker] o.s.b.w.embedded.tomcat.TomcatWebServer  : Tomcat started on port(s): 51614 (http) with context path ''
2020-04-27 21:12:29.801  INFO 3643 --- [    Test worker] c.j.p.s.web.IndexControllerTest          : Started IndexControllerTest in 1.739 seconds (JVM running for 11.388)
2020-04-27 21:12:29.918  INFO 3643 --- [o-auto-1-exec-1] o.a.c.c.C.[Tomcat].[localhost].[/]       : Initializing Spring DispatcherServlet 'dispatcherServlet'
2020-04-27 21:12:29.918  INFO 3643 --- [o-auto-1-exec-1] o.s.web.servlet.DispatcherServlet        : Initializing Servlet 'dispatcherServlet'
2020-04-27 21:12:29.932  INFO 3643 --- [o-auto-1-exec-1] o.s.web.servlet.DispatcherServlet        : Completed initialization in 14 ms
Hibernate: select posts0_.id as id1_0_, posts0_.created_date as created_2_0_, posts0_.modified_date as modified3_0_, posts0_.author as author4_0_, posts0_.content as content5_0_, posts0_.title as title6_0_ from posts posts0_ order by posts0_.id DESC
]]></system-out>
  <system-err><![CDATA[[2020.04.27 21:12:29] (Coverage): Error during class instrumentation: org.springframework.http.client.HttpComponentsClientHttpRequestFactory: java.lang.RuntimeException: java.io.IOException: Class not found
]]></system-err>
</testsuite>
