<?xml version="1.0" encoding="UTF-8"?>
<testsuite name="com.jinsu.pak.springBootTest.web.IndexControllerTest" tests="1" skipped="0" failures="0" errors="0" timestamp="2020-04-20T07:39:00" hostname="JINSMac.local" time="0.285">
  <properties/>
  <testcase name="메인페이지_로딩" classname="com.jinsu.pak.springBootTest.web.IndexControllerTest" time="0.285"/>
  <system-out><![CDATA[16:38:56.068 [Test worker] DEBUG org.springframework.test.context.junit4.SpringJUnit4ClassRunner - SpringJUnit4ClassRunner constructor called with [class com.jinsu.pak.springBootTest.web.IndexControllerTest]
16:38:56.074 [Test worker] DEBUG org.springframework.test.context.BootstrapUtils - Instantiating CacheAwareContextLoaderDelegate from class [org.springframework.test.context.cache.DefaultCacheAwareContextLoaderDelegate]
16:38:56.083 [Test worker] DEBUG org.springframework.test.context.BootstrapUtils - Instantiating BootstrapContext using constructor [public org.springframework.test.context.support.DefaultBootstrapContext(java.lang.Class,org.springframework.test.context.CacheAwareContextLoaderDelegate)]
16:38:56.098 [Test worker] DEBUG org.springframework.test.context.BootstrapUtils - Instantiating TestContextBootstrapper for test class [com.jinsu.pak.springBootTest.web.IndexControllerTest] from class [org.springframework.boot.test.context.SpringBootTestContextBootstrapper]
16:38:56.111 [Test worker] INFO org.springframework.boot.test.context.SpringBootTestContextBootstrapper - Neither @ContextConfiguration nor @ContextHierarchy found for test class [com.jinsu.pak.springBootTest.web.IndexControllerTest], using SpringBootContextLoader
16:38:56.115 [Test worker] DEBUG org.springframework.test.context.support.AbstractContextLoader - Did not detect default resource location for test class [com.jinsu.pak.springBootTest.web.IndexControllerTest]: class path resource [com/jinsu/pak/springBootTest/web/IndexControllerTest-context.xml] does not exist
16:38:56.116 [Test worker] DEBUG org.springframework.test.context.support.AbstractContextLoader - Did not detect default resource location for test class [com.jinsu.pak.springBootTest.web.IndexControllerTest]: class path resource [com/jinsu/pak/springBootTest/web/IndexControllerTestContext.groovy] does not exist
16:38:56.116 [Test worker] INFO org.springframework.test.context.support.AbstractContextLoader - Could not detect default resource locations for test class [com.jinsu.pak.springBootTest.web.IndexControllerTest]: no resource found for suffixes {-context.xml, Context.groovy}.
16:38:56.117 [Test worker] INFO org.springframework.test.context.support.AnnotationConfigContextLoaderUtils - Could not detect default configuration classes for test class [com.jinsu.pak.springBootTest.web.IndexControllerTest]: IndexControllerTest does not declare any static, non-private, non-final, nested classes annotated with @Configuration.
16:38:56.160 [Test worker] DEBUG org.springframework.test.context.support.ActiveProfilesUtils - Could not find an 'annotation declaring class' for annotation type [org.springframework.test.context.ActiveProfiles] and class [com.jinsu.pak.springBootTest.web.IndexControllerTest]
16:38:56.259 [Test worker] DEBUG org.springframework.context.annotation.ClassPathScanningCandidateComponentProvider - Identified candidate component class: file [/Users/jins/IdeaProjects/springBootTest/build/classes/java/main/com/jinsu/pak/springBootTest/Application.class]
16:38:56.260 [Test worker] INFO org.springframework.boot.test.context.SpringBootTestContextBootstrapper - Found @SpringBootConfiguration com.jinsu.pak.springBootTest.Application for test class com.jinsu.pak.springBootTest.web.IndexControllerTest
16:38:56.352 [Test worker] DEBUG org.springframework.boot.test.context.SpringBootTestContextBootstrapper - @TestExecutionListeners is not present for class [com.jinsu.pak.springBootTest.web.IndexControllerTest]: using defaults.
16:38:56.352 [Test worker] INFO org.springframework.boot.test.context.SpringBootTestContextBootstrapper - Loaded default TestExecutionListener class names from location [META-INF/spring.factories]: [org.springframework.boot.test.autoconfigure.restdocs.RestDocsTestExecutionListener, org.springframework.boot.test.autoconfigure.web.client.MockRestServiceServerResetTestExecutionListener, org.springframework.boot.test.autoconfigure.web.servlet.MockMvcPrintOnlyOnFailureTestExecutionListener, org.springframework.boot.test.autoconfigure.web.servlet.WebDriverTestExecutionListener, org.springframework.boot.test.mock.mockito.MockitoTestExecutionListener, org.springframework.boot.test.mock.mockito.ResetMocksTestExecutionListener, org.springframework.test.context.web.ServletTestExecutionListener, org.springframework.test.context.support.DirtiesContextBeforeModesTestExecutionListener, org.springframework.test.context.support.DependencyInjectionTestExecutionListener, org.springframework.test.context.support.DirtiesContextTestExecutionListener, org.springframework.test.context.transaction.TransactionalTestExecutionListener, org.springframework.test.context.jdbc.SqlScriptsTestExecutionListener]
16:38:56.371 [Test worker] INFO org.springframework.boot.test.context.SpringBootTestContextBootstrapper - Using TestExecutionListeners: [org.springframework.test.context.web.ServletTestExecutionListener@22c0f250, org.springframework.test.context.support.DirtiesContextBeforeModesTestExecutionListener@7b96106e, org.springframework.boot.test.mock.mockito.MockitoTestExecutionListener@4fe17e55, org.springframework.boot.test.autoconfigure.SpringBootDependencyInjectionTestExecutionListener@674c4d40, org.springframework.test.context.support.DirtiesContextTestExecutionListener@423b718b, org.springframework.test.context.transaction.TransactionalTestExecutionListener@9e51cc2, org.springframework.test.context.jdbc.SqlScriptsTestExecutionListener@4d32d87d, org.springframework.boot.test.autoconfigure.restdocs.RestDocsTestExecutionListener@4891aad6, org.springframework.boot.test.autoconfigure.web.client.MockRestServiceServerResetTestExecutionListener@513f3d66, org.springframework.boot.test.autoconfigure.web.servlet.MockMvcPrintOnlyOnFailureTestExecutionListener@701d388f, org.springframework.boot.test.autoconfigure.web.servlet.WebDriverTestExecutionListener@2bb7f7c1, org.springframework.boot.test.mock.mockito.ResetMocksTestExecutionListener@6eb52f7b]
16:38:56.374 [Test worker] DEBUG org.springframework.test.annotation.ProfileValueUtils - Retrieved @ProfileValueSourceConfiguration [null] for test class [com.jinsu.pak.springBootTest.web.IndexControllerTest]
16:38:56.374 [Test worker] DEBUG org.springframework.test.annotation.ProfileValueUtils - Retrieved ProfileValueSource type [class org.springframework.test.annotation.SystemProfileValueSource] for class [com.jinsu.pak.springBootTest.web.IndexControllerTest]
16:38:56.377 [Test worker] DEBUG org.springframework.test.annotation.ProfileValueUtils - Retrieved @ProfileValueSourceConfiguration [null] for test class [com.jinsu.pak.springBootTest.web.IndexControllerTest]
16:38:56.377 [Test worker] DEBUG org.springframework.test.annotation.ProfileValueUtils - Retrieved ProfileValueSource type [class org.springframework.test.annotation.SystemProfileValueSource] for class [com.jinsu.pak.springBootTest.web.IndexControllerTest]
16:38:56.377 [Test worker] DEBUG org.springframework.test.annotation.ProfileValueUtils - Retrieved @ProfileValueSourceConfiguration [null] for test class [com.jinsu.pak.springBootTest.web.IndexControllerTest]
16:38:56.377 [Test worker] DEBUG org.springframework.test.annotation.ProfileValueUtils - Retrieved ProfileValueSource type [class org.springframework.test.annotation.SystemProfileValueSource] for class [com.jinsu.pak.springBootTest.web.IndexControllerTest]
16:38:56.381 [Test worker] DEBUG org.springframework.test.context.support.AbstractDirtiesContextTestExecutionListener - Before test class: context [DefaultTestContext@7be72fe8 testClass = IndexControllerTest, testInstance = [null], testMethod = [null], testException = [null], mergedContextConfiguration = [WebMergedContextConfiguration@758a1396 testClass = IndexControllerTest, locations = '{}', classes = '{class com.jinsu.pak.springBootTest.Application}', contextInitializerClasses = '[]', activeProfiles = '{}', propertySourceLocations = '{}', propertySourceProperties = '{org.springframework.boot.test.context.SpringBootTestContextBootstrapper=true, server.port=0}', contextCustomizers = set[org.springframework.boot.test.autoconfigure.properties.PropertyMappingContextCustomizer@0, org.springframework.boot.test.autoconfigure.web.servlet.WebDriverContextCustomizerFactory$Customizer@c2fcc7f, org.springframework.boot.test.context.filter.ExcludeFilterContextCustomizer@66e20e6, org.springframework.boot.test.json.DuplicateJsonObjectContextCustomizerFactory$DuplicateJsonObjectContextCustomizer@7b2a7b2d, org.springframework.boot.test.mock.mockito.MockitoContextCustomizer@0, org.springframework.boot.test.web.client.TestRestTemplateContextCustomizer@5ace4f69], resourceBasePath = 'src/main/webapp', contextLoader = 'org.springframework.boot.test.context.SpringBootContextLoader', parent = [null]], attributes = map['org.springframework.test.context.web.ServletTestExecutionListener.activateListener' -> false]], class annotated with @DirtiesContext [false] with mode [null].
16:38:56.381 [Test worker] DEBUG org.springframework.test.annotation.ProfileValueUtils - Retrieved @ProfileValueSourceConfiguration [null] for test class [com.jinsu.pak.springBootTest.web.IndexControllerTest]
16:38:56.381 [Test worker] DEBUG org.springframework.test.annotation.ProfileValueUtils - Retrieved ProfileValueSource type [class org.springframework.test.annotation.SystemProfileValueSource] for class [com.jinsu.pak.springBootTest.web.IndexControllerTest]
16:38:56.386 [Test worker] DEBUG org.springframework.test.context.support.DependencyInjectionTestExecutionListener - Performing dependency injection for test context [[DefaultTestContext@7be72fe8 testClass = IndexControllerTest, testInstance = com.jinsu.pak.springBootTest.web.IndexControllerTest@6e4b72ae, testMethod = [null], testException = [null], mergedContextConfiguration = [WebMergedContextConfiguration@758a1396 testClass = IndexControllerTest, locations = '{}', classes = '{class com.jinsu.pak.springBootTest.Application}', contextInitializerClasses = '[]', activeProfiles = '{}', propertySourceLocations = '{}', propertySourceProperties = '{org.springframework.boot.test.context.SpringBootTestContextBootstrapper=true, server.port=0}', contextCustomizers = set[org.springframework.boot.test.autoconfigure.properties.PropertyMappingContextCustomizer@0, org.springframework.boot.test.autoconfigure.web.servlet.WebDriverContextCustomizerFactory$Customizer@c2fcc7f, org.springframework.boot.test.context.filter.ExcludeFilterContextCustomizer@66e20e6, org.springframework.boot.test.json.DuplicateJsonObjectContextCustomizerFactory$DuplicateJsonObjectContextCustomizer@7b2a7b2d, org.springframework.boot.test.mock.mockito.MockitoContextCustomizer@0, org.springframework.boot.test.web.client.TestRestTemplateContextCustomizer@5ace4f69], resourceBasePath = 'src/main/webapp', contextLoader = 'org.springframework.boot.test.context.SpringBootContextLoader', parent = [null]], attributes = map['org.springframework.test.context.web.ServletTestExecutionListener.activateListener' -> false]]].
16:38:56.408 [Test worker] DEBUG org.springframework.test.context.support.TestPropertySourceUtils - Adding inlined properties to environment: {spring.jmx.enabled=false, org.springframework.boot.test.context.SpringBootTestContextBootstrapper=true, server.port=0}

  .   ____          _            __ _ _
 /\\ / ___'_ __ _ _(_)_ __  __ _ \ \ \ \
( ( )\___ | '_ | '_| | '_ \/ _` | \ \ \ \
 \\/  ___)| |_)| | | | | || (_| |  ) ) ) )
  '  |____| .__|_| |_|_| |_\__, | / / / /
 =========|_|==============|___/=/_/_/_/
 :: Spring Boot ::        (v2.1.7.RELEASE)

2020-04-20 16:38:56.615  INFO 6194 --- [    Test worker] c.j.p.s.web.IndexControllerTest          : Starting IndexControllerTest on JINSMac.local with PID 6194 (started by jins in /Users/jins/IdeaProjects/springBootTest)
2020-04-20 16:38:56.616  INFO 6194 --- [    Test worker] c.j.p.s.web.IndexControllerTest          : No active profile set, falling back to default profiles: default
2020-04-20 16:38:57.147  INFO 6194 --- [    Test worker] .s.d.r.c.RepositoryConfigurationDelegate : Bootstrapping Spring Data repositories in DEFAULT mode.
2020-04-20 16:38:57.204  INFO 6194 --- [    Test worker] .s.d.r.c.RepositoryConfigurationDelegate : Finished Spring Data repository scanning in 50ms. Found 1 repository interfaces.
2020-04-20 16:38:57.511  INFO 6194 --- [    Test worker] trationDelegate$BeanPostProcessorChecker : Bean 'org.springframework.transaction.annotation.ProxyTransactionManagementConfiguration' of type [org.springframework.transaction.annotation.ProxyTransactionManagementConfiguration$$EnhancerBySpringCGLIB$$960f4d18] is not eligible for getting processed by all BeanPostProcessors (for example: not eligible for auto-proxying)
2020-04-20 16:38:57.843  INFO 6194 --- [    Test worker] o.s.b.w.embedded.tomcat.TomcatWebServer  : Tomcat initialized with port(s): 0 (http)
2020-04-20 16:38:57.865  INFO 6194 --- [    Test worker] o.apache.catalina.core.StandardService   : Starting service [Tomcat]
2020-04-20 16:38:57.865  INFO 6194 --- [    Test worker] org.apache.catalina.core.StandardEngine  : Starting Servlet engine: [Apache Tomcat/9.0.22]
2020-04-20 16:38:57.956  INFO 6194 --- [    Test worker] o.a.c.c.C.[Tomcat].[localhost].[/]       : Initializing Spring embedded WebApplicationContext
2020-04-20 16:38:57.956  INFO 6194 --- [    Test worker] o.s.web.context.ContextLoader            : Root WebApplicationContext: initialization completed in 1322 ms
2020-04-20 16:38:58.170  INFO 6194 --- [    Test worker] com.zaxxer.hikari.HikariDataSource       : HikariPool-1 - Starting...
2020-04-20 16:38:58.343  INFO 6194 --- [    Test worker] com.zaxxer.hikari.HikariDataSource       : HikariPool-1 - Start completed.
2020-04-20 16:38:58.422  INFO 6194 --- [    Test worker] o.hibernate.jpa.internal.util.LogHelper  : HHH000204: Processing PersistenceUnitInfo [
	name: default
	...]
2020-04-20 16:38:58.505  INFO 6194 --- [    Test worker] org.hibernate.Version                    : HHH000412: Hibernate Core {5.3.10.Final}
2020-04-20 16:38:58.506  INFO 6194 --- [    Test worker] org.hibernate.cfg.Environment            : HHH000206: hibernate.properties not found
2020-04-20 16:38:58.663  INFO 6194 --- [    Test worker] o.hibernate.annotations.common.Version   : HCANN000001: Hibernate Commons Annotations {5.0.4.Final}
2020-04-20 16:38:58.793  INFO 6194 --- [    Test worker] org.hibernate.dialect.Dialect            : HHH000400: Using dialect: org.hibernate.dialect.MySQL5InnoDBDialect
Hibernate: drop table if exists posts
Hibernate: create table posts (id bigint not null auto_increment, created_date datetime, modified_date datetime, author varchar(255), content TEXT not null, title varchar(500) not null, primary key (id)) engine=InnoDB
2020-04-20 16:38:59.394  INFO 6194 --- [    Test worker] o.h.t.schema.internal.SchemaCreatorImpl  : HHH000476: Executing import script 'org.hibernate.tool.schema.internal.exec.ScriptSourceInputNonExistentImpl@12513a6a'
2020-04-20 16:38:59.397  INFO 6194 --- [    Test worker] j.LocalContainerEntityManagerFactoryBean : Initialized JPA EntityManagerFactory for persistence unit 'default'
2020-04-20 16:39:00.121  INFO 6194 --- [    Test worker] o.s.s.concurrent.ThreadPoolTaskExecutor  : Initializing ExecutorService 'applicationTaskExecutor'
2020-04-20 16:39:00.172  WARN 6194 --- [    Test worker] aWebConfiguration$JpaWebMvcConfiguration : spring.jpa.open-in-view is enabled by default. Therefore, database queries may be performed during view rendering. Explicitly configure spring.jpa.open-in-view to disable this warning
2020-04-20 16:39:00.212  INFO 6194 --- [    Test worker] o.s.b.a.w.s.WelcomePageHandlerMapping    : Adding welcome page template: index
2020-04-20 16:39:00.489  INFO 6194 --- [    Test worker] o.s.b.w.embedded.tomcat.TomcatWebServer  : Tomcat started on port(s): 59714 (http) with context path ''
2020-04-20 16:39:00.492  INFO 6194 --- [    Test worker] c.j.p.s.web.IndexControllerTest          : Started IndexControllerTest in 4.082 seconds (JVM running for 4.88)
2020-04-20 16:39:00.657  INFO 6194 --- [o-auto-1-exec-1] o.a.c.c.C.[Tomcat].[localhost].[/]       : Initializing Spring DispatcherServlet 'dispatcherServlet'
2020-04-20 16:39:00.657  INFO 6194 --- [o-auto-1-exec-1] o.s.web.servlet.DispatcherServlet        : Initializing Servlet 'dispatcherServlet'
2020-04-20 16:39:00.679  INFO 6194 --- [o-auto-1-exec-1] o.s.web.servlet.DispatcherServlet        : Completed initialization in 22 ms
]]></system-out>
  <system-err><![CDATA[]]></system-err>
</testsuite>
