<?xml version="1.0" encoding="UTF-8"?>
<testsuite name="com.jinsu.pak.springBootTest.web.HelloControllerTest" tests="2" skipped="0" failures="0" errors="0" timestamp="2020-04-28T10:18:09" hostname="JINSMac" time="0.101">
  <properties/>
  <testcase name="hello가_리턴된다" classname="com.jinsu.pak.springBootTest.web.HelloControllerTest" time="0.043"/>
  <testcase name="helloDto가_리턴된다" classname="com.jinsu.pak.springBootTest.web.HelloControllerTest" time="0.057"/>
  <system-out><![CDATA[2020-04-28 19:18:08.615  INFO 5089 --- [    Test worker] .b.t.a.w.s.WebMvcTestContextBootstrapper : Neither @ContextConfiguration nor @ContextHierarchy found for test class [com.jinsu.pak.springBootTest.web.HelloControllerTest], using SpringBootContextLoader
2020-04-28 19:18:08.615  INFO 5089 --- [    Test worker] o.s.t.c.support.AbstractContextLoader    : Could not detect default resource locations for test class [com.jinsu.pak.springBootTest.web.HelloControllerTest]: no resource found for suffixes {-context.xml, Context.groovy}.
2020-04-28 19:18:08.616  INFO 5089 --- [    Test worker] t.c.s.AnnotationConfigContextLoaderUtils : Could not detect default configuration classes for test class [com.jinsu.pak.springBootTest.web.HelloControllerTest]: HelloControllerTest does not declare any static, non-private, non-final, nested classes annotated with @Configuration.
2020-04-28 19:18:08.635  INFO 5089 --- [    Test worker] .b.t.c.SpringBootTestContextBootstrapper : Found @SpringBootConfiguration com.jinsu.pak.springBootTest.Application for test class com.jinsu.pak.springBootTest.web.HelloControllerTest
2020-04-28 19:18:08.635  INFO 5089 --- [    Test worker] .b.t.a.w.s.WebMvcTestContextBootstrapper : Loaded default TestExecutionListener class names from location [META-INF/spring.factories]: [org.springframework.security.test.context.support.WithSecurityContextTestExecutionListener, org.springframework.security.test.context.support.ReactorContextTestExecutionListener, org.springframework.boot.test.autoconfigure.restdocs.RestDocsTestExecutionListener, org.springframework.boot.test.autoconfigure.web.client.MockRestServiceServerResetTestExecutionListener, org.springframework.boot.test.autoconfigure.web.servlet.MockMvcPrintOnlyOnFailureTestExecutionListener, org.springframework.boot.test.autoconfigure.web.servlet.WebDriverTestExecutionListener, org.springframework.boot.test.mock.mockito.MockitoTestExecutionListener, org.springframework.boot.test.mock.mockito.ResetMocksTestExecutionListener, org.springframework.test.context.web.ServletTestExecutionListener, org.springframework.test.context.support.DirtiesContextBeforeModesTestExecutionListener, org.springframework.test.context.support.DependencyInjectionTestExecutionListener, org.springframework.test.context.support.DirtiesContextTestExecutionListener, org.springframework.test.context.transaction.TransactionalTestExecutionListener, org.springframework.test.context.jdbc.SqlScriptsTestExecutionListener]
2020-04-28 19:18:08.636  INFO 5089 --- [    Test worker] .b.t.a.w.s.WebMvcTestContextBootstrapper : Using TestExecutionListeners: [org.springframework.test.context.web.ServletTestExecutionListener@2be7e8a4, org.springframework.test.context.support.DirtiesContextBeforeModesTestExecutionListener@56d9c695, org.springframework.boot.test.mock.mockito.MockitoTestExecutionListener@5d21d32c, org.springframework.boot.test.autoconfigure.SpringBootDependencyInjectionTestExecutionListener@289d16c8, org.springframework.test.context.support.DirtiesContextTestExecutionListener@3cab79b7, org.springframework.test.context.transaction.TransactionalTestExecutionListener@24deedd9, org.springframework.test.context.jdbc.SqlScriptsTestExecutionListener@7735e2dd, org.springframework.security.test.context.support.WithSecurityContextTestExecutionListener@37de91a5, org.springframework.security.test.context.support.ReactorContextTestExecutionListener@505f2028, org.springframework.boot.test.autoconfigure.restdocs.RestDocsTestExecutionListener@33cbfdf, org.springframework.boot.test.autoconfigure.web.client.MockRestServiceServerResetTestExecutionListener@5bc7866f, org.springframework.boot.test.autoconfigure.web.servlet.MockMvcPrintOnlyOnFailureTestExecutionListener@18d7670b, org.springframework.boot.test.autoconfigure.web.servlet.WebDriverTestExecutionListener@31205a59, org.springframework.boot.test.mock.mockito.ResetMocksTestExecutionListener@5784c9e5]

  .   ____          _            __ _ _
 /\\ / ___'_ __ _ _(_)_ __  __ _ \ \ \ \
( ( )\___ | '_ | '_| | '_ \/ _` | \ \ \ \
 \\/  ___)| |_)| | | | | || (_| |  ) ) ) )
  '  |____| .__|_| |_|_| |_\__, | / / / /
 =========|_|==============|___/=/_/_/_/
 :: Spring Boot ::        (v2.1.7.RELEASE)

2020-04-28 19:18:08.653  INFO 5089 --- [    Test worker] c.j.p.s.web.HelloControllerTest          : Starting HelloControllerTest on JINSMac with PID 5089 (started by jins in /Users/jins/IdeaProjects/springBootTest)
2020-04-28 19:18:08.654  INFO 5089 --- [    Test worker] c.j.p.s.web.HelloControllerTest          : No active profile set, falling back to default profiles: default
2020-04-28 19:18:08.945  INFO 5089 --- [    Test worker] o.s.s.concurrent.ThreadPoolTaskExecutor  : Initializing ExecutorService 'applicationTaskExecutor'
2020-04-28 19:18:08.979  INFO 5089 --- [    Test worker] o.s.b.a.w.s.WelcomePageHandlerMapping    : Adding welcome page template: index
2020-04-28 19:18:09.104  INFO 5089 --- [    Test worker] .s.s.UserDetailsServiceAutoConfiguration : 

Using generated security password: fc27fc7a-41e7-413f-9e76-677097ecfdee

2020-04-28 19:18:09.176  INFO 5089 --- [    Test worker] o.s.s.web.DefaultSecurityFilterChain     : Creating filter chain: any request, [org.springframework.security.web.context.request.async.WebAsyncManagerIntegrationFilter@24e18b30, org.springframework.security.web.context.SecurityContextPersistenceFilter@233deb8f, org.springframework.security.web.header.HeaderWriterFilter@62aeff93, org.springframework.security.web.csrf.CsrfFilter@70f4fee2, org.springframework.security.web.authentication.logout.LogoutFilter@3769d08e, org.springframework.security.web.authentication.UsernamePasswordAuthenticationFilter@45a0a098, org.springframework.security.web.authentication.ui.DefaultLoginPageGeneratingFilter@57a7e310, org.springframework.security.web.authentication.ui.DefaultLogoutPageGeneratingFilter@75927acc, org.springframework.security.web.authentication.www.BasicAuthenticationFilter@4e3f2a14, org.springframework.security.web.savedrequest.RequestCacheAwareFilter@278996c8, org.springframework.security.web.servletapi.SecurityContextHolderAwareRequestFilter@324eb7cd, org.springframework.security.web.authentication.AnonymousAuthenticationFilter@424a81e0, org.springframework.security.web.session.SessionManagementFilter@357a0eca, org.springframework.security.web.access.ExceptionTranslationFilter@5c3b0169, org.springframework.security.web.access.intercept.FilterSecurityInterceptor@6ae1c94e]
2020-04-28 19:18:09.199  INFO 5089 --- [    Test worker] o.s.b.t.m.w.SpringBootMockServletContext : Initializing Spring TestDispatcherServlet ''
2020-04-28 19:18:09.199  INFO 5089 --- [    Test worker] o.s.t.web.servlet.TestDispatcherServlet  : Initializing Servlet ''
2020-04-28 19:18:09.207  INFO 5089 --- [    Test worker] o.s.t.web.servlet.TestDispatcherServlet  : Completed initialization in 7 ms
2020-04-28 19:18:09.222  INFO 5089 --- [    Test worker] c.j.p.s.web.HelloControllerTest          : Started HelloControllerTest in 0.585 seconds (JVM running for 5.345)
]]></system-out>
  <system-err><![CDATA[]]></system-err>
</testsuite>
