<?xml version="1.0" encoding="UTF-8"?>
<testsuite name="com.jinsu.pak.springBootTest.web.dto.HelloResponseDtoTest" tests="1" skipped="0" failures="0" errors="0" timestamp="2020-05-02T11:37:10" hostname="JINSMac" time="0.034">
  <properties/>
  <testcase name="롬복_기능_테스트" classname="com.jinsu.pak.springBootTest.web.dto.HelloResponseDtoTest" time="0.034"/>
  <system-out><![CDATA[]]></system-out>
  <system-err><![CDATA[]]></system-err>
</testsuite>
