<?xml version="1.0" encoding="UTF-8"?>
<testsuite name="com.jinsu.pak.springBootTest.web.HelloControllerTest" tests="2" skipped="0" failures="0" errors="0" timestamp="2020-05-02T11:37:15" hostname="JINSMac" time="0.112">
  <properties/>
  <testcase name="hello가_리턴된다" classname="com.jinsu.pak.springBootTest.web.HelloControllerTest" time="0.053"/>
  <testcase name="helloDto가_리턴된다" classname="com.jinsu.pak.springBootTest.web.HelloControllerTest" time="0.058"/>
  <system-out><![CDATA[2020-05-02 20:37:14.976  INFO 13358 --- [    Test worker] .b.t.a.w.s.WebMvcTestContextBootstrapper : Neither @ContextConfiguration nor @ContextHierarchy found for test class [com.jinsu.pak.springBootTest.web.HelloControllerTest], using SpringBootContextLoader
2020-05-02 20:37:14.977  INFO 13358 --- [    Test worker] o.s.t.c.support.AbstractContextLoader    : Could not detect default resource locations for test class [com.jinsu.pak.springBootTest.web.HelloControllerTest]: no resource found for suffixes {-context.xml, Context.groovy}.
2020-05-02 20:37:14.977  INFO 13358 --- [    Test worker] t.c.s.AnnotationConfigContextLoaderUtils : Could not detect default configuration classes for test class [com.jinsu.pak.springBootTest.web.HelloControllerTest]: HelloControllerTest does not declare any static, non-private, non-final, nested classes annotated with @Configuration.
2020-05-02 20:37:14.995  INFO 13358 --- [    Test worker] .b.t.c.SpringBootTestContextBootstrapper : Found @SpringBootConfiguration com.jinsu.pak.springBootTest.Application for test class com.jinsu.pak.springBootTest.web.HelloControllerTest
2020-05-02 20:37:14.996  INFO 13358 --- [    Test worker] .b.t.a.w.s.WebMvcTestContextBootstrapper : Loaded default TestExecutionListener class names from location [META-INF/spring.factories]: [org.springframework.security.test.context.support.WithSecurityContextTestExecutionListener, org.springframework.security.test.context.support.ReactorContextTestExecutionListener, org.springframework.boot.test.autoconfigure.restdocs.RestDocsTestExecutionListener, org.springframework.boot.test.autoconfigure.web.client.MockRestServiceServerResetTestExecutionListener, org.springframework.boot.test.autoconfigure.web.servlet.MockMvcPrintOnlyOnFailureTestExecutionListener, org.springframework.boot.test.autoconfigure.web.servlet.WebDriverTestExecutionListener, org.springframework.boot.test.mock.mockito.MockitoTestExecutionListener, org.springframework.boot.test.mock.mockito.ResetMocksTestExecutionListener, org.springframework.test.context.web.ServletTestExecutionListener, org.springframework.test.context.support.DirtiesContextBeforeModesTestExecutionListener, org.springframework.test.context.support.DependencyInjectionTestExecutionListener, org.springframework.test.context.support.DirtiesContextTestExecutionListener, org.springframework.test.context.transaction.TransactionalTestExecutionListener, org.springframework.test.context.jdbc.SqlScriptsTestExecutionListener]
2020-05-02 20:37:14.996  INFO 13358 --- [    Test worker] .b.t.a.w.s.WebMvcTestContextBootstrapper : Using TestExecutionListeners: [org.springframework.test.context.web.ServletTestExecutionListener@29b99fab, org.springframework.test.context.support.DirtiesContextBeforeModesTestExecutionListener@77b15550, org.springframework.boot.test.mock.mockito.MockitoTestExecutionListener@515e6cb6, org.springframework.boot.test.autoconfigure.SpringBootDependencyInjectionTestExecutionListener@308e1b52, org.springframework.test.context.support.DirtiesContextTestExecutionListener@552f8e2f, org.springframework.test.context.transaction.TransactionalTestExecutionListener@28494a0f, org.springframework.test.context.jdbc.SqlScriptsTestExecutionListener@a50a86c, org.springframework.security.test.context.support.WithSecurityContextTestExecutionListener@4ac476ff, org.springframework.security.test.context.support.ReactorContextTestExecutionListener@63b3c77e, org.springframework.boot.test.autoconfigure.restdocs.RestDocsTestExecutionListener@1c8f035, org.springframework.boot.test.autoconfigure.web.client.MockRestServiceServerResetTestExecutionListener@e543ba8, org.springframework.boot.test.autoconfigure.web.servlet.MockMvcPrintOnlyOnFailureTestExecutionListener@67cec713, org.springframework.boot.test.autoconfigure.web.servlet.WebDriverTestExecutionListener@1a3b64a3, org.springframework.boot.test.mock.mockito.ResetMocksTestExecutionListener@5cb46689]

  .   ____          _            __ _ _
 /\\ / ___'_ __ _ _(_)_ __  __ _ \ \ \ \
( ( )\___ | '_ | '_| | '_ \/ _` | \ \ \ \
 \\/  ___)| |_)| | | | | || (_| |  ) ) ) )
  '  |____| .__|_| |_|_| |_\__, | / / / /
 =========|_|==============|___/=/_/_/_/
 :: Spring Boot ::        (v2.1.7.RELEASE)

2020-05-02 20:37:15.014  INFO 13358 --- [    Test worker] c.j.p.s.web.HelloControllerTest          : Starting HelloControllerTest on JINSMac with PID 13358 (started by jins in /Users/jins/IdeaProjects/springBootTest)
2020-05-02 20:37:15.015  INFO 13358 --- [    Test worker] c.j.p.s.web.HelloControllerTest          : No active profile set, falling back to default profiles: default
2020-05-02 20:37:15.281  INFO 13358 --- [    Test worker] o.s.s.concurrent.ThreadPoolTaskExecutor  : Initializing ExecutorService 'applicationTaskExecutor'
2020-05-02 20:37:15.308  INFO 13358 --- [    Test worker] o.s.b.a.w.s.WelcomePageHandlerMapping    : Adding welcome page template: index
2020-05-02 20:37:15.444  INFO 13358 --- [    Test worker] .s.s.UserDetailsServiceAutoConfiguration : 

Using generated security password: e2ecc459-1f0c-4600-a48d-60b44b450ba7

2020-05-02 20:37:15.516  INFO 13358 --- [    Test worker] o.s.s.web.DefaultSecurityFilterChain     : Creating filter chain: any request, [org.springframework.security.web.context.request.async.WebAsyncManagerIntegrationFilter@3e465a79, org.springframework.security.web.context.SecurityContextPersistenceFilter@35ccb5e0, org.springframework.security.web.header.HeaderWriterFilter@667aaa23, org.springframework.security.web.csrf.CsrfFilter@5e884495, org.springframework.security.web.authentication.logout.LogoutFilter@70426d6, org.springframework.security.web.authentication.UsernamePasswordAuthenticationFilter@3dcdbbaa, org.springframework.security.web.authentication.ui.DefaultLoginPageGeneratingFilter@20aafeb6, org.springframework.security.web.authentication.ui.DefaultLogoutPageGeneratingFilter@bbc49e3, org.springframework.security.web.authentication.www.BasicAuthenticationFilter@79937de2, org.springframework.security.web.savedrequest.RequestCacheAwareFilter@3ee1418f, org.springframework.security.web.servletapi.SecurityContextHolderAwareRequestFilter@d79cfc2, org.springframework.security.web.authentication.AnonymousAuthenticationFilter@6922591b, org.springframework.security.web.session.SessionManagementFilter@7a4ae695, org.springframework.security.web.access.ExceptionTranslationFilter@19824482, org.springframework.security.web.access.intercept.FilterSecurityInterceptor@2c4e6bba]
2020-05-02 20:37:15.540  INFO 13358 --- [    Test worker] o.s.b.t.m.w.SpringBootMockServletContext : Initializing Spring TestDispatcherServlet ''
2020-05-02 20:37:15.540  INFO 13358 --- [    Test worker] o.s.t.web.servlet.TestDispatcherServlet  : Initializing Servlet ''
2020-05-02 20:37:15.548  INFO 13358 --- [    Test worker] o.s.t.web.servlet.TestDispatcherServlet  : Completed initialization in 7 ms
2020-05-02 20:37:15.565  INFO 13358 --- [    Test worker] c.j.p.s.web.HelloControllerTest          : Started HelloControllerTest in 0.567 seconds (JVM running for 5.294)
]]></system-out>
  <system-err><![CDATA[]]></system-err>
</testsuite>
