<?xml version="1.0" encoding="UTF-8"?>
<testsuite name="com.jinsu.pak.springBootTest.web.PostsApiControllerTest" tests="2" skipped="0" failures="0" errors="0" timestamp="2020-04-28T10:18:10" hostname="JINSMac" time="0.072">
  <properties/>
  <testcase name="Posts_등록된다" classname="com.jinsu.pak.springBootTest.web.PostsApiControllerTest" time="0.051"/>
  <testcase name="Posts_수정된다" classname="com.jinsu.pak.springBootTest.web.PostsApiControllerTest" time="0.02"/>
  <system-out><![CDATA[2020-04-28 19:18:10.807  INFO 5089 --- [    Test worker] .b.t.c.SpringBootTestContextBootstrapper : Neither @ContextConfiguration nor @ContextHierarchy found for test class [com.jinsu.pak.springBootTest.web.PostsApiControllerTest], using SpringBootContextLoader
2020-04-28 19:18:10.807  INFO 5089 --- [    Test worker] o.s.t.c.support.AbstractContextLoader    : Could not detect default resource locations for test class [com.jinsu.pak.springBootTest.web.PostsApiControllerTest]: no resource found for suffixes {-context.xml, Context.groovy}.
2020-04-28 19:18:10.807  INFO 5089 --- [    Test worker] t.c.s.AnnotationConfigContextLoaderUtils : Could not detect default configuration classes for test class [com.jinsu.pak.springBootTest.web.PostsApiControllerTest]: PostsApiControllerTest does not declare any static, non-private, non-final, nested classes annotated with @Configuration.
2020-04-28 19:18:10.808  INFO 5089 --- [    Test worker] .b.t.c.SpringBootTestContextBootstrapper : Found @SpringBootConfiguration com.jinsu.pak.springBootTest.Application for test class com.jinsu.pak.springBootTest.web.PostsApiControllerTest
2020-04-28 19:18:10.809  INFO 5089 --- [    Test worker] .b.t.c.SpringBootTestContextBootstrapper : Loaded default TestExecutionListener class names from location [META-INF/spring.factories]: [org.springframework.security.test.context.support.WithSecurityContextTestExecutionListener, org.springframework.security.test.context.support.ReactorContextTestExecutionListener, org.springframework.boot.test.autoconfigure.restdocs.RestDocsTestExecutionListener, org.springframework.boot.test.autoconfigure.web.client.MockRestServiceServerResetTestExecutionListener, org.springframework.boot.test.autoconfigure.web.servlet.MockMvcPrintOnlyOnFailureTestExecutionListener, org.springframework.boot.test.autoconfigure.web.servlet.WebDriverTestExecutionListener, org.springframework.boot.test.mock.mockito.MockitoTestExecutionListener, org.springframework.boot.test.mock.mockito.ResetMocksTestExecutionListener, org.springframework.test.context.web.ServletTestExecutionListener, org.springframework.test.context.support.DirtiesContextBeforeModesTestExecutionListener, org.springframework.test.context.support.DependencyInjectionTestExecutionListener, org.springframework.test.context.support.DirtiesContextTestExecutionListener, org.springframework.test.context.transaction.TransactionalTestExecutionListener, org.springframework.test.context.jdbc.SqlScriptsTestExecutionListener]
2020-04-28 19:18:10.810  INFO 5089 --- [    Test worker] .b.t.c.SpringBootTestContextBootstrapper : Using TestExecutionListeners: [org.springframework.test.context.web.ServletTestExecutionListener@4baa598d, org.springframework.test.context.support.DirtiesContextBeforeModesTestExecutionListener@18e54704, org.springframework.boot.test.mock.mockito.MockitoTestExecutionListener@1004f370, org.springframework.boot.test.autoconfigure.SpringBootDependencyInjectionTestExecutionListener@5247cb56, org.springframework.test.context.support.DirtiesContextTestExecutionListener@4bb886a2, org.springframework.test.context.transaction.TransactionalTestExecutionListener@795735b6, org.springframework.test.context.jdbc.SqlScriptsTestExecutionListener@4e7fd69f, org.springframework.security.test.context.support.WithSecurityContextTestExecutionListener@228ea97d, org.springframework.security.test.context.support.ReactorContextTestExecutionListener@2d8cb618, org.springframework.boot.test.autoconfigure.restdocs.RestDocsTestExecutionListener@6db6dc9a, org.springframework.boot.test.autoconfigure.web.client.MockRestServiceServerResetTestExecutionListener@5d4d349d, org.springframework.boot.test.autoconfigure.web.servlet.MockMvcPrintOnlyOnFailureTestExecutionListener@adfbb08, org.springframework.boot.test.autoconfigure.web.servlet.WebDriverTestExecutionListener@422bf03d, org.springframework.boot.test.mock.mockito.ResetMocksTestExecutionListener@19a2b6ee]
2020-04-28 19:18:10.816  INFO 5089 --- [    Test worker] o.a.c.c.C.[Tomcat].[localhost].[/]       : Initializing Spring TestDispatcherServlet ''
2020-04-28 19:18:10.816  INFO 5089 --- [    Test worker] o.s.t.web.servlet.TestDispatcherServlet  : Initializing Servlet ''
2020-04-28 19:18:10.818  INFO 5089 --- [    Test worker] o.s.t.web.servlet.TestDispatcherServlet  : Completed initialization in 2 ms
Hibernate: insert into posts (created_date, modified_date, author, content, title) values (?, ?, ?, ?, ?)
Hibernate: select posts0_.id as id1_0_, posts0_.created_date as created_2_0_, posts0_.modified_date as modified3_0_, posts0_.author as author4_0_, posts0_.content as content5_0_, posts0_.title as title6_0_ from posts posts0_
Hibernate: select posts0_.id as id1_0_, posts0_.created_date as created_2_0_, posts0_.modified_date as modified3_0_, posts0_.author as author4_0_, posts0_.content as content5_0_, posts0_.title as title6_0_ from posts posts0_
Hibernate: delete from posts where id=?
2020-04-28 19:18:10.865  INFO 5089 --- [    Test worker] o.a.c.c.C.[Tomcat].[localhost].[/]       : Initializing Spring TestDispatcherServlet ''
2020-04-28 19:18:10.866  INFO 5089 --- [    Test worker] o.s.t.web.servlet.TestDispatcherServlet  : Initializing Servlet ''
2020-04-28 19:18:10.867  INFO 5089 --- [    Test worker] o.s.t.web.servlet.TestDispatcherServlet  : Completed initialization in 1 ms
Hibernate: insert into posts (created_date, modified_date, author, content, title) values (?, ?, ?, ?, ?)
Hibernate: select posts0_.id as id1_0_0_, posts0_.created_date as created_2_0_0_, posts0_.modified_date as modified3_0_0_, posts0_.author as author4_0_0_, posts0_.content as content5_0_0_, posts0_.title as title6_0_0_ from posts posts0_ where posts0_.id=?
Hibernate: update posts set created_date=?, modified_date=?, author=?, content=?, title=? where id=?
Hibernate: select posts0_.id as id1_0_, posts0_.created_date as created_2_0_, posts0_.modified_date as modified3_0_, posts0_.author as author4_0_, posts0_.content as content5_0_, posts0_.title as title6_0_ from posts posts0_
Hibernate: select posts0_.id as id1_0_, posts0_.created_date as created_2_0_, posts0_.modified_date as modified3_0_, posts0_.author as author4_0_, posts0_.content as content5_0_, posts0_.title as title6_0_ from posts posts0_
Hibernate: delete from posts where id=?
]]></system-out>
  <system-err><![CDATA[]]></system-err>
</testsuite>
