<?xml version="1.0" encoding="UTF-8"?>
<testsuite name="com.jinsu.pak.springBootTest.web.HelloControllerTest" tests="2" skipped="0" failures="0" errors="0" timestamp="2020-04-28T11:55:01" hostname="JINSMac" time="0.099">
  <properties/>
  <testcase name="hello가_리턴된다" classname="com.jinsu.pak.springBootTest.web.HelloControllerTest" time="0.048"/>
  <testcase name="helloDto가_리턴된다" classname="com.jinsu.pak.springBootTest.web.HelloControllerTest" time="0.051"/>
  <system-out><![CDATA[2020-04-28 20:55:00.454  INFO 5843 --- [    Test worker] .b.t.a.w.s.WebMvcTestContextBootstrapper : Neither @ContextConfiguration nor @ContextHierarchy found for test class [com.jinsu.pak.springBootTest.web.HelloControllerTest], using SpringBootContextLoader
2020-04-28 20:55:00.455  INFO 5843 --- [    Test worker] o.s.t.c.support.AbstractContextLoader    : Could not detect default resource locations for test class [com.jinsu.pak.springBootTest.web.HelloControllerTest]: no resource found for suffixes {-context.xml, Context.groovy}.
2020-04-28 20:55:00.455  INFO 5843 --- [    Test worker] t.c.s.AnnotationConfigContextLoaderUtils : Could not detect default configuration classes for test class [com.jinsu.pak.springBootTest.web.HelloControllerTest]: HelloControllerTest does not declare any static, non-private, non-final, nested classes annotated with @Configuration.
2020-04-28 20:55:00.474  INFO 5843 --- [    Test worker] .b.t.c.SpringBootTestContextBootstrapper : Found @SpringBootConfiguration com.jinsu.pak.springBootTest.Application for test class com.jinsu.pak.springBootTest.web.HelloControllerTest
2020-04-28 20:55:00.474  INFO 5843 --- [    Test worker] .b.t.a.w.s.WebMvcTestContextBootstrapper : Loaded default TestExecutionListener class names from location [META-INF/spring.factories]: [org.springframework.security.test.context.support.WithSecurityContextTestExecutionListener, org.springframework.security.test.context.support.ReactorContextTestExecutionListener, org.springframework.boot.test.autoconfigure.restdocs.RestDocsTestExecutionListener, org.springframework.boot.test.autoconfigure.web.client.MockRestServiceServerResetTestExecutionListener, org.springframework.boot.test.autoconfigure.web.servlet.MockMvcPrintOnlyOnFailureTestExecutionListener, org.springframework.boot.test.autoconfigure.web.servlet.WebDriverTestExecutionListener, org.springframework.boot.test.mock.mockito.MockitoTestExecutionListener, org.springframework.boot.test.mock.mockito.ResetMocksTestExecutionListener, org.springframework.test.context.web.ServletTestExecutionListener, org.springframework.test.context.support.DirtiesContextBeforeModesTestExecutionListener, org.springframework.test.context.support.DependencyInjectionTestExecutionListener, org.springframework.test.context.support.DirtiesContextTestExecutionListener, org.springframework.test.context.transaction.TransactionalTestExecutionListener, org.springframework.test.context.jdbc.SqlScriptsTestExecutionListener]
2020-04-28 20:55:00.475  INFO 5843 --- [    Test worker] .b.t.a.w.s.WebMvcTestContextBootstrapper : Using TestExecutionListeners: [org.springframework.test.context.web.ServletTestExecutionListener@6f507304, org.springframework.test.context.support.DirtiesContextBeforeModesTestExecutionListener@5e3b7666, org.springframework.boot.test.mock.mockito.MockitoTestExecutionListener@1324d3fd, org.springframework.boot.test.autoconfigure.SpringBootDependencyInjectionTestExecutionListener@8adfa20, org.springframework.test.context.support.DirtiesContextTestExecutionListener@64896062, org.springframework.test.context.transaction.TransactionalTestExecutionListener@6104b2d3, org.springframework.test.context.jdbc.SqlScriptsTestExecutionListener@540a2e35, org.springframework.security.test.context.support.WithSecurityContextTestExecutionListener@3311a26e, org.springframework.security.test.context.support.ReactorContextTestExecutionListener@1c345e1e, org.springframework.boot.test.autoconfigure.restdocs.RestDocsTestExecutionListener@5862f561, org.springframework.boot.test.autoconfigure.web.client.MockRestServiceServerResetTestExecutionListener@5d1c03de, org.springframework.boot.test.autoconfigure.web.servlet.MockMvcPrintOnlyOnFailureTestExecutionListener@63a0d8c1, org.springframework.boot.test.autoconfigure.web.servlet.WebDriverTestExecutionListener@5d5aae05, org.springframework.boot.test.mock.mockito.ResetMocksTestExecutionListener@12dc8132]

  .   ____          _            __ _ _
 /\\ / ___'_ __ _ _(_)_ __  __ _ \ \ \ \
( ( )\___ | '_ | '_| | '_ \/ _` | \ \ \ \
 \\/  ___)| |_)| | | | | || (_| |  ) ) ) )
  '  |____| .__|_| |_|_| |_\__, | / / / /
 =========|_|==============|___/=/_/_/_/
 :: Spring Boot ::        (v2.1.7.RELEASE)

2020-04-28 20:55:00.492  INFO 5843 --- [    Test worker] c.j.p.s.web.HelloControllerTest          : Starting HelloControllerTest on JINSMac with PID 5843 (started by jins in /Users/jins/IdeaProjects/springBootTest)
2020-04-28 20:55:00.493  INFO 5843 --- [    Test worker] c.j.p.s.web.HelloControllerTest          : No active profile set, falling back to default profiles: default
2020-04-28 20:55:00.780  INFO 5843 --- [    Test worker] o.s.s.concurrent.ThreadPoolTaskExecutor  : Initializing ExecutorService 'applicationTaskExecutor'
2020-04-28 20:55:00.804  INFO 5843 --- [    Test worker] o.s.b.a.w.s.WelcomePageHandlerMapping    : Adding welcome page template: index
2020-04-28 20:55:00.926  INFO 5843 --- [    Test worker] .s.s.UserDetailsServiceAutoConfiguration : 

Using generated security password: 52c42103-0170-423d-8447-9582b5137b15

2020-04-28 20:55:01.009  INFO 5843 --- [    Test worker] o.s.s.web.DefaultSecurityFilterChain     : Creating filter chain: any request, [org.springframework.security.web.context.request.async.WebAsyncManagerIntegrationFilter@6a469de, org.springframework.security.web.context.SecurityContextPersistenceFilter@23c068c4, org.springframework.security.web.header.HeaderWriterFilter@178c4a1, org.springframework.security.web.csrf.CsrfFilter@5216fd0a, org.springframework.security.web.authentication.logout.LogoutFilter@7d67b0e3, org.springframework.security.web.authentication.UsernamePasswordAuthenticationFilter@7bbbb56f, org.springframework.security.web.authentication.ui.DefaultLoginPageGeneratingFilter@4e32fccf, org.springframework.security.web.authentication.ui.DefaultLogoutPageGeneratingFilter@5b7b4c73, org.springframework.security.web.authentication.www.BasicAuthenticationFilter@1d8a0d1b, org.springframework.security.web.savedrequest.RequestCacheAwareFilter@710af0a7, org.springframework.security.web.servletapi.SecurityContextHolderAwareRequestFilter@36107feb, org.springframework.security.web.authentication.AnonymousAuthenticationFilter@165460d2, org.springframework.security.web.session.SessionManagementFilter@64638729, org.springframework.security.web.access.ExceptionTranslationFilter@31fc7c9f, org.springframework.security.web.access.intercept.FilterSecurityInterceptor@85af9af]
2020-04-28 20:55:01.031  INFO 5843 --- [    Test worker] o.s.b.t.m.w.SpringBootMockServletContext : Initializing Spring TestDispatcherServlet ''
2020-04-28 20:55:01.031  INFO 5843 --- [    Test worker] o.s.t.web.servlet.TestDispatcherServlet  : Initializing Servlet ''
2020-04-28 20:55:01.038  INFO 5843 --- [    Test worker] o.s.t.web.servlet.TestDispatcherServlet  : Completed initialization in 7 ms
2020-04-28 20:55:01.055  INFO 5843 --- [    Test worker] c.j.p.s.web.HelloControllerTest          : Started HelloControllerTest in 0.578 seconds (JVM running for 5.361)
]]></system-out>
  <system-err><![CDATA[]]></system-err>
</testsuite>
