<?xml version="1.0" encoding="UTF-8"?>
<testsuite name="com.jinsu.pak.springBootTest.web.HelloControllerTest" tests="2" skipped="0" failures="0" errors="0" timestamp="2020-04-27T12:12:27" hostname="JINSMac.local" time="0.158">
  <properties/>
  <testcase name="hello가_리턴된다" classname="com.jinsu.pak.springBootTest.web.HelloControllerTest" time="0.065"/>
  <testcase name="helloDto가_리턴된다" classname="com.jinsu.pak.springBootTest.web.HelloControllerTest" time="0.092"/>
  <system-out><![CDATA[2020-04-27 21:12:27.113  INFO 3643 --- [    Test worker] .b.t.a.w.s.WebMvcTestContextBootstrapper : Neither @ContextConfiguration nor @ContextHierarchy found for test class [com.jinsu.pak.springBootTest.web.HelloControllerTest], using SpringBootContextLoader
2020-04-27 21:12:27.114  INFO 3643 --- [    Test worker] o.s.t.c.support.AbstractContextLoader    : Could not detect default resource locations for test class [com.jinsu.pak.springBootTest.web.HelloControllerTest]: no resource found for suffixes {-context.xml, Context.groovy}.
2020-04-27 21:12:27.114  INFO 3643 --- [    Test worker] t.c.s.AnnotationConfigContextLoaderUtils : Could not detect default configuration classes for test class [com.jinsu.pak.springBootTest.web.HelloControllerTest]: HelloControllerTest does not declare any static, non-private, non-final, nested classes annotated with @Configuration.
2020-04-27 21:12:27.136  INFO 3643 --- [    Test worker] .b.t.c.SpringBootTestContextBootstrapper : Found @SpringBootConfiguration com.jinsu.pak.springBootTest.Application for test class com.jinsu.pak.springBootTest.web.HelloControllerTest
2020-04-27 21:12:27.137  INFO 3643 --- [    Test worker] .b.t.a.w.s.WebMvcTestContextBootstrapper : Loaded default TestExecutionListener class names from location [META-INF/spring.factories]: [org.springframework.security.test.context.support.WithSecurityContextTestExecutionListener, org.springframework.security.test.context.support.ReactorContextTestExecutionListener, org.springframework.boot.test.autoconfigure.restdocs.RestDocsTestExecutionListener, org.springframework.boot.test.autoconfigure.web.client.MockRestServiceServerResetTestExecutionListener, org.springframework.boot.test.autoconfigure.web.servlet.MockMvcPrintOnlyOnFailureTestExecutionListener, org.springframework.boot.test.autoconfigure.web.servlet.WebDriverTestExecutionListener, org.springframework.boot.test.mock.mockito.MockitoTestExecutionListener, org.springframework.boot.test.mock.mockito.ResetMocksTestExecutionListener, org.springframework.test.context.web.ServletTestExecutionListener, org.springframework.test.context.support.DirtiesContextBeforeModesTestExecutionListener, org.springframework.test.context.support.DependencyInjectionTestExecutionListener, org.springframework.test.context.support.DirtiesContextTestExecutionListener, org.springframework.test.context.transaction.TransactionalTestExecutionListener, org.springframework.test.context.jdbc.SqlScriptsTestExecutionListener]
2020-04-27 21:12:27.138  INFO 3643 --- [    Test worker] .b.t.a.w.s.WebMvcTestContextBootstrapper : Using TestExecutionListeners: [org.springframework.test.context.web.ServletTestExecutionListener@2d06734a, org.springframework.test.context.support.DirtiesContextBeforeModesTestExecutionListener@5dfd29ef, org.springframework.boot.test.mock.mockito.MockitoTestExecutionListener@4ddc9904, org.springframework.boot.test.autoconfigure.SpringBootDependencyInjectionTestExecutionListener@66d0aef2, org.springframework.test.context.support.DirtiesContextTestExecutionListener@78d21d41, org.springframework.test.context.transaction.TransactionalTestExecutionListener@4c54e1e5, org.springframework.test.context.jdbc.SqlScriptsTestExecutionListener@656955d2, org.springframework.security.test.context.support.WithSecurityContextTestExecutionListener@62dd0b3, org.springframework.security.test.context.support.ReactorContextTestExecutionListener@6e7dfd22, org.springframework.boot.test.autoconfigure.restdocs.RestDocsTestExecutionListener@54d62c1, org.springframework.boot.test.autoconfigure.web.client.MockRestServiceServerResetTestExecutionListener@2a25607f, org.springframework.boot.test.autoconfigure.web.servlet.MockMvcPrintOnlyOnFailureTestExecutionListener@42e595c0, org.springframework.boot.test.autoconfigure.web.servlet.WebDriverTestExecutionListener@43f0f453, org.springframework.boot.test.mock.mockito.ResetMocksTestExecutionListener@2dc5cd86]

  .   ____          _            __ _ _
 /\\ / ___'_ __ _ _(_)_ __  __ _ \ \ \ \
( ( )\___ | '_ | '_| | '_ \/ _` | \ \ \ \
 \\/  ___)| |_)| | | | | || (_| |  ) ) ) )
  '  |____| .__|_| |_|_| |_\__, | / / / /
 =========|_|==============|___/=/_/_/_/
 :: Spring Boot ::        (v2.1.7.RELEASE)

2020-04-27 21:12:27.169  INFO 3643 --- [    Test worker] c.j.p.s.web.HelloControllerTest          : Starting HelloControllerTest on JINSMac.local with PID 3643 (started by jins in /Users/jins/IdeaProjects/springBootTest)
2020-04-27 21:12:27.171  INFO 3643 --- [    Test worker] c.j.p.s.web.HelloControllerTest          : No active profile set, falling back to default profiles: default
2020-04-27 21:12:27.543  INFO 3643 --- [    Test worker] o.s.s.concurrent.ThreadPoolTaskExecutor  : Initializing ExecutorService 'applicationTaskExecutor'
2020-04-27 21:12:27.572  INFO 3643 --- [    Test worker] o.s.b.a.w.s.WelcomePageHandlerMapping    : Adding welcome page template: index
2020-04-27 21:12:27.745  INFO 3643 --- [    Test worker] .s.s.UserDetailsServiceAutoConfiguration : 

Using generated security password: 61822e63-f757-4df9-8cb8-df2418d1d7cb

2020-04-27 21:12:27.832  INFO 3643 --- [    Test worker] o.s.s.web.DefaultSecurityFilterChain     : Creating filter chain: any request, [org.springframework.security.web.context.request.async.WebAsyncManagerIntegrationFilter@749753ad, org.springframework.security.web.context.SecurityContextPersistenceFilter@53fbf86d, org.springframework.security.web.header.HeaderWriterFilter@41e2d758, org.springframework.security.web.csrf.CsrfFilter@4e6c4731, org.springframework.security.web.authentication.logout.LogoutFilter@7b9497c1, org.springframework.security.web.authentication.UsernamePasswordAuthenticationFilter@444a8719, org.springframework.security.web.authentication.ui.DefaultLoginPageGeneratingFilter@5a429937, org.springframework.security.web.authentication.ui.DefaultLogoutPageGeneratingFilter@25804be7, org.springframework.security.web.authentication.www.BasicAuthenticationFilter@5520b566, org.springframework.security.web.savedrequest.RequestCacheAwareFilter@3a4d7e96, org.springframework.security.web.servletapi.SecurityContextHolderAwareRequestFilter@6d422690, org.springframework.security.web.authentication.AnonymousAuthenticationFilter@755b51b4, org.springframework.security.web.session.SessionManagementFilter@6d1b459a, org.springframework.security.web.access.ExceptionTranslationFilter@62017bc7, org.springframework.security.web.access.intercept.FilterSecurityInterceptor@783256b0]
2020-04-27 21:12:27.862  INFO 3643 --- [    Test worker] o.s.b.t.m.w.SpringBootMockServletContext : Initializing Spring TestDispatcherServlet ''
2020-04-27 21:12:27.862  INFO 3643 --- [    Test worker] o.s.t.web.servlet.TestDispatcherServlet  : Initializing Servlet ''
2020-04-27 21:12:27.871  INFO 3643 --- [    Test worker] o.s.t.web.servlet.TestDispatcherServlet  : Completed initialization in 9 ms
2020-04-27 21:12:27.891  INFO 3643 --- [    Test worker] c.j.p.s.web.HelloControllerTest          : Started HelloControllerTest in 0.75 seconds (JVM running for 9.478)
]]></system-out>
  <system-err><![CDATA[]]></system-err>
</testsuite>
