<?xml version="1.0" encoding="UTF-8"?>
<testsuite name="com.jinsu.pak.springBootTest.web.domain.posts.PostRepositoryTest" tests="2" skipped="0" failures="0" errors="0" timestamp="2020-04-27T12:12:26" hostname="JINSMac.local" time="0.241">
  <properties/>
  <testcase name="게시글저장_불러오기" classname="com.jinsu.pak.springBootTest.web.domain.posts.PostRepositoryTest" time="0.228"/>
  <testcase name="BaseTimeEntity_등록" classname="com.jinsu.pak.springBootTest.web.domain.posts.PostRepositoryTest" time="0.013"/>
  <system-out><![CDATA[21:12:19.260 [Test worker] DEBUG org.springframework.test.context.junit4.SpringJUnit4ClassRunner - SpringJUnit4ClassRunner constructor called with [class com.jinsu.pak.springBootTest.web.domain.posts.PostRepositoryTest]
21:12:19.268 [Test worker] DEBUG org.springframework.test.context.BootstrapUtils - Instantiating CacheAwareContextLoaderDelegate from class [org.springframework.test.context.cache.DefaultCacheAwareContextLoaderDelegate]
21:12:19.282 [Test worker] DEBUG org.springframework.test.context.BootstrapUtils - Instantiating BootstrapContext using constructor [public org.springframework.test.context.support.DefaultBootstrapContext(java.lang.Class,org.springframework.test.context.CacheAwareContextLoaderDelegate)]
21:12:19.309 [Test worker] DEBUG org.springframework.test.context.BootstrapUtils - Instantiating TestContextBootstrapper for test class [com.jinsu.pak.springBootTest.web.domain.posts.PostRepositoryTest] from class [org.springframework.boot.test.context.SpringBootTestContextBootstrapper]
21:12:19.327 [Test worker] INFO org.springframework.boot.test.context.SpringBootTestContextBootstrapper - Neither @ContextConfiguration nor @ContextHierarchy found for test class [com.jinsu.pak.springBootTest.web.domain.posts.PostRepositoryTest], using SpringBootContextLoader
21:12:19.332 [Test worker] DEBUG org.springframework.test.context.support.AbstractContextLoader - Did not detect default resource location for test class [com.jinsu.pak.springBootTest.web.domain.posts.PostRepositoryTest]: class path resource [com/jinsu/pak/springBootTest/web/domain/posts/PostRepositoryTest-context.xml] does not exist
21:12:19.333 [Test worker] DEBUG org.springframework.test.context.support.AbstractContextLoader - Did not detect default resource location for test class [com.jinsu.pak.springBootTest.web.domain.posts.PostRepositoryTest]: class path resource [com/jinsu/pak/springBootTest/web/domain/posts/PostRepositoryTestContext.groovy] does not exist
21:12:19.333 [Test worker] INFO org.springframework.test.context.support.AbstractContextLoader - Could not detect default resource locations for test class [com.jinsu.pak.springBootTest.web.domain.posts.PostRepositoryTest]: no resource found for suffixes {-context.xml, Context.groovy}.
21:12:19.334 [Test worker] INFO org.springframework.test.context.support.AnnotationConfigContextLoaderUtils - Could not detect default configuration classes for test class [com.jinsu.pak.springBootTest.web.domain.posts.PostRepositoryTest]: PostRepositoryTest does not declare any static, non-private, non-final, nested classes annotated with @Configuration.
21:12:19.382 [Test worker] DEBUG org.springframework.test.context.support.ActiveProfilesUtils - Could not find an 'annotation declaring class' for annotation type [org.springframework.test.context.ActiveProfiles] and class [com.jinsu.pak.springBootTest.web.domain.posts.PostRepositoryTest]
21:12:19.537 [Test worker] DEBUG org.springframework.context.annotation.ClassPathScanningCandidateComponentProvider - Identified candidate component class: file [/Users/jins/IdeaProjects/springBootTest/build/classes/java/main/com/jinsu/pak/springBootTest/Application.class]
21:12:19.538 [Test worker] INFO org.springframework.boot.test.context.SpringBootTestContextBootstrapper - Found @SpringBootConfiguration com.jinsu.pak.springBootTest.Application for test class com.jinsu.pak.springBootTest.web.domain.posts.PostRepositoryTest
21:12:19.671 [Test worker] DEBUG org.springframework.boot.test.context.SpringBootTestContextBootstrapper - @TestExecutionListeners is not present for class [com.jinsu.pak.springBootTest.web.domain.posts.PostRepositoryTest]: using defaults.
21:12:19.672 [Test worker] INFO org.springframework.boot.test.context.SpringBootTestContextBootstrapper - Loaded default TestExecutionListener class names from location [META-INF/spring.factories]: [org.springframework.security.test.context.support.WithSecurityContextTestExecutionListener, org.springframework.security.test.context.support.ReactorContextTestExecutionListener, org.springframework.boot.test.autoconfigure.restdocs.RestDocsTestExecutionListener, org.springframework.boot.test.autoconfigure.web.client.MockRestServiceServerResetTestExecutionListener, org.springframework.boot.test.autoconfigure.web.servlet.MockMvcPrintOnlyOnFailureTestExecutionListener, org.springframework.boot.test.autoconfigure.web.servlet.WebDriverTestExecutionListener, org.springframework.boot.test.mock.mockito.MockitoTestExecutionListener, org.springframework.boot.test.mock.mockito.ResetMocksTestExecutionListener, org.springframework.test.context.web.ServletTestExecutionListener, org.springframework.test.context.support.DirtiesContextBeforeModesTestExecutionListener, org.springframework.test.context.support.DependencyInjectionTestExecutionListener, org.springframework.test.context.support.DirtiesContextTestExecutionListener, org.springframework.test.context.transaction.TransactionalTestExecutionListener, org.springframework.test.context.jdbc.SqlScriptsTestExecutionListener]
21:12:19.702 [Test worker] INFO org.springframework.boot.test.context.SpringBootTestContextBootstrapper - Using TestExecutionListeners: [org.springframework.test.context.web.ServletTestExecutionListener@592d7c0f, org.springframework.test.context.support.DirtiesContextBeforeModesTestExecutionListener@27e4ff30, org.springframework.boot.test.mock.mockito.MockitoTestExecutionListener@b80e68, org.springframework.boot.test.autoconfigure.SpringBootDependencyInjectionTestExecutionListener@66055bb5, org.springframework.test.context.support.DirtiesContextTestExecutionListener@54fa8e7e, org.springframework.test.context.transaction.TransactionalTestExecutionListener@5467f6ae, org.springframework.test.context.jdbc.SqlScriptsTestExecutionListener@146c7904, org.springframework.security.test.context.support.WithSecurityContextTestExecutionListener@587840cf, org.springframework.security.test.context.support.ReactorContextTestExecutionListener@58f1bcc0, org.springframework.boot.test.autoconfigure.restdocs.RestDocsTestExecutionListener@3348e3f6, org.springframework.boot.test.autoconfigure.web.client.MockRestServiceServerResetTestExecutionListener@441b18c2, org.springframework.boot.test.autoconfigure.web.servlet.MockMvcPrintOnlyOnFailureTestExecutionListener@5eff46b6, org.springframework.boot.test.autoconfigure.web.servlet.WebDriverTestExecutionListener@b3de615, org.springframework.boot.test.mock.mockito.ResetMocksTestExecutionListener@7f1ef3d7]
21:12:19.705 [Test worker] DEBUG org.springframework.test.annotation.ProfileValueUtils - Retrieved @ProfileValueSourceConfiguration [null] for test class [com.jinsu.pak.springBootTest.web.domain.posts.PostRepositoryTest]
21:12:19.706 [Test worker] DEBUG org.springframework.test.annotation.ProfileValueUtils - Retrieved ProfileValueSource type [class org.springframework.test.annotation.SystemProfileValueSource] for class [com.jinsu.pak.springBootTest.web.domain.posts.PostRepositoryTest]
21:12:19.706 [Test worker] DEBUG org.springframework.test.annotation.ProfileValueUtils - Retrieved @ProfileValueSourceConfiguration [null] for test class [com.jinsu.pak.springBootTest.web.domain.posts.PostRepositoryTest]
21:12:19.706 [Test worker] DEBUG org.springframework.test.annotation.ProfileValueUtils - Retrieved ProfileValueSource type [class org.springframework.test.annotation.SystemProfileValueSource] for class [com.jinsu.pak.springBootTest.web.domain.posts.PostRepositoryTest]
21:12:19.711 [Test worker] DEBUG org.springframework.test.context.support.AbstractDirtiesContextTestExecutionListener - Before test class: context [DefaultTestContext@17daf991 testClass = PostRepositoryTest, testInstance = [null], testMethod = [null], testException = [null], mergedContextConfiguration = [WebMergedContextConfiguration@69f0fe17 testClass = PostRepositoryTest, locations = '{}', classes = '{class com.jinsu.pak.springBootTest.Application}', contextInitializerClasses = '[]', activeProfiles = '{}', propertySourceLocations = '{}', propertySourceProperties = '{org.springframework.boot.test.context.SpringBootTestContextBootstrapper=true}', contextCustomizers = set[org.springframework.boot.test.autoconfigure.properties.PropertyMappingContextCustomizer@0, org.springframework.boot.test.autoconfigure.web.servlet.WebDriverContextCustomizerFactory$Customizer@20c01bfb, org.springframework.boot.test.context.filter.ExcludeFilterContextCustomizer@35022db7, org.springframework.boot.test.json.DuplicateJsonObjectContextCustomizerFactory$DuplicateJsonObjectContextCustomizer@753ee905, org.springframework.boot.test.mock.mockito.MockitoContextCustomizer@0, org.springframework.boot.test.web.client.TestRestTemplateContextCustomizer@6adde4ad], resourceBasePath = 'src/main/webapp', contextLoader = 'org.springframework.boot.test.context.SpringBootContextLoader', parent = [null]], attributes = map['org.springframework.test.context.web.ServletTestExecutionListener.activateListener' -> true]], class annotated with @DirtiesContext [false] with mode [null].
21:12:19.712 [Test worker] DEBUG org.springframework.test.annotation.ProfileValueUtils - Retrieved @ProfileValueSourceConfiguration [null] for test class [com.jinsu.pak.springBootTest.web.domain.posts.PostRepositoryTest]
21:12:19.712 [Test worker] DEBUG org.springframework.test.annotation.ProfileValueUtils - Retrieved ProfileValueSource type [class org.springframework.test.annotation.SystemProfileValueSource] for class [com.jinsu.pak.springBootTest.web.domain.posts.PostRepositoryTest]
21:12:19.742 [Test worker] DEBUG org.springframework.test.context.support.TestPropertySourceUtils - Adding inlined properties to environment: {spring.jmx.enabled=false, org.springframework.boot.test.context.SpringBootTestContextBootstrapper=true, server.port=-1}

  .   ____          _            __ _ _
 /\\ / ___'_ __ _ _(_)_ __  __ _ \ \ \ \
( ( )\___ | '_ | '_| | '_ \/ _` | \ \ \ \
 \\/  ___)| |_)| | | | | || (_| |  ) ) ) )
  '  |____| .__|_| |_|_| |_\__, | / / / /
 =========|_|==============|___/=/_/_/_/
 :: Spring Boot ::        (v2.1.7.RELEASE)

2020-04-27 21:12:20.246  INFO 3643 --- [    Test worker] c.j.p.s.w.d.posts.PostRepositoryTest     : Starting PostRepositoryTest on JINSMac.local with PID 3643 (started by jins in /Users/jins/IdeaProjects/springBootTest)
2020-04-27 21:12:20.251  INFO 3643 --- [    Test worker] c.j.p.s.w.d.posts.PostRepositoryTest     : No active profile set, falling back to default profiles: default
2020-04-27 21:12:21.167  INFO 3643 --- [    Test worker] .s.d.r.c.RepositoryConfigurationDelegate : Bootstrapping Spring Data repositories in DEFAULT mode.
2020-04-27 21:12:21.252  INFO 3643 --- [    Test worker] .s.d.r.c.RepositoryConfigurationDelegate : Finished Spring Data repository scanning in 74ms. Found 2 repository interfaces.
2020-04-27 21:12:21.966  INFO 3643 --- [    Test worker] trationDelegate$BeanPostProcessorChecker : Bean 'org.springframework.transaction.annotation.ProxyTransactionManagementConfiguration' of type [org.springframework.transaction.annotation.ProxyTransactionManagementConfiguration$$EnhancerBySpringCGLIB$$8890c740] is not eligible for getting processed by all BeanPostProcessors (for example: not eligible for auto-proxying)
2020-04-27 21:12:22.219  INFO 3643 --- [    Test worker] com.zaxxer.hikari.HikariDataSource       : HikariPool-1 - Starting...
2020-04-27 21:12:22.538  INFO 3643 --- [    Test worker] com.zaxxer.hikari.HikariDataSource       : HikariPool-1 - Start completed.
2020-04-27 21:12:22.651  INFO 3643 --- [    Test worker] o.hibernate.jpa.internal.util.LogHelper  : HHH000204: Processing PersistenceUnitInfo [
	name: default
	...]
2020-04-27 21:12:22.774  INFO 3643 --- [    Test worker] org.hibernate.Version                    : HHH000412: Hibernate Core {5.3.10.Final}
2020-04-27 21:12:22.776  INFO 3643 --- [    Test worker] org.hibernate.cfg.Environment            : HHH000206: hibernate.properties not found
2020-04-27 21:12:22.999  INFO 3643 --- [    Test worker] o.hibernate.annotations.common.Version   : HCANN000001: Hibernate Commons Annotations {5.0.4.Final}
2020-04-27 21:12:23.202  INFO 3643 --- [    Test worker] org.hibernate.dialect.Dialect            : HHH000400: Using dialect: org.hibernate.dialect.MySQL5InnoDBDialect
Hibernate: drop table if exists posts
Hibernate: drop table if exists user
Hibernate: create table posts (id bigint not null auto_increment, created_date datetime, modified_date datetime, author varchar(255), content TEXT not null, title varchar(500) not null, primary key (id)) engine=InnoDB
Hibernate: create table user (id bigint not null auto_increment, created_date datetime, modified_date datetime, email varchar(255) not null, name varchar(255) not null, picture varchar(255), role varchar(255) not null, primary key (id)) engine=InnoDB
2020-04-27 21:12:24.094  INFO 3643 --- [    Test worker] o.h.t.schema.internal.SchemaCreatorImpl  : HHH000476: Executing import script 'org.hibernate.tool.schema.internal.exec.ScriptSourceInputNonExistentImpl@2a1f42f2'
2020-04-27 21:12:24.098  INFO 3643 --- [    Test worker] j.LocalContainerEntityManagerFactoryBean : Initialized JPA EntityManagerFactory for persistence unit 'default'
2020-04-27 21:12:24.900  INFO 3643 --- [    Test worker] o.h.h.i.QueryTranslatorFactoryInitiator  : HHH000397: Using ASTQueryTranslatorFactory
2020-04-27 21:12:25.440  INFO 3643 --- [    Test worker] o.s.s.web.DefaultSecurityFilterChain     : Creating filter chain: any request, [org.springframework.security.web.context.request.async.WebAsyncManagerIntegrationFilter@3d0cbdae, org.springframework.security.web.context.SecurityContextPersistenceFilter@598b813d, org.springframework.security.web.header.HeaderWriterFilter@883936d, org.springframework.security.web.authentication.logout.LogoutFilter@4b1ee8c1, org.springframework.security.oauth2.client.web.OAuth2AuthorizationRequestRedirectFilter@5ecd60f8, org.springframework.security.oauth2.client.web.OAuth2LoginAuthenticationFilter@2089f734, org.springframework.security.web.authentication.ui.DefaultLoginPageGeneratingFilter@295eefb2, org.springframework.security.web.authentication.ui.DefaultLogoutPageGeneratingFilter@36d016c9, org.springframework.security.web.savedrequest.RequestCacheAwareFilter@7e15b71c, org.springframework.security.web.servletapi.SecurityContextHolderAwareRequestFilter@128cca13, org.springframework.security.web.authentication.AnonymousAuthenticationFilter@2eea35d1, org.springframework.security.web.session.SessionManagementFilter@646c99b, org.springframework.security.web.access.ExceptionTranslationFilter@2c41d2e7, org.springframework.security.web.access.intercept.FilterSecurityInterceptor@6fde4d46]
2020-04-27 21:12:26.088  INFO 3643 --- [    Test worker] o.s.s.concurrent.ThreadPoolTaskExecutor  : Initializing ExecutorService 'applicationTaskExecutor'
2020-04-27 21:12:26.163  WARN 3643 --- [    Test worker] aWebConfiguration$JpaWebMvcConfiguration : spring.jpa.open-in-view is enabled by default. Therefore, database queries may be performed during view rendering. Explicitly configure spring.jpa.open-in-view to disable this warning
2020-04-27 21:12:26.227  INFO 3643 --- [    Test worker] o.s.b.a.w.s.WelcomePageHandlerMapping    : Adding welcome page template: index
2020-04-27 21:12:26.826  INFO 3643 --- [    Test worker] s.a.ScheduledAnnotationBeanPostProcessor : No TaskScheduler/ScheduledExecutorService bean found for scheduled processing
2020-04-27 21:12:26.838  INFO 3643 --- [    Test worker] c.j.p.s.w.d.posts.PostRepositoryTest     : Started PostRepositoryTest in 7.081 seconds (JVM running for 8.425)
Hibernate: insert into posts (created_date, modified_date, author, content, title) values (?, ?, ?, ?, ?)
Hibernate: select posts0_.id as id1_0_, posts0_.created_date as created_2_0_, posts0_.modified_date as modified3_0_, posts0_.author as author4_0_, posts0_.content as content5_0_, posts0_.title as title6_0_ from posts posts0_
Hibernate: select posts0_.id as id1_0_, posts0_.created_date as created_2_0_, posts0_.modified_date as modified3_0_, posts0_.author as author4_0_, posts0_.content as content5_0_, posts0_.title as title6_0_ from posts posts0_
Hibernate: delete from posts where id=?
Hibernate: insert into posts (created_date, modified_date, author, content, title) values (?, ?, ?, ?, ?)
Hibernate: select posts0_.id as id1_0_, posts0_.created_date as created_2_0_, posts0_.modified_date as modified3_0_, posts0_.author as author4_0_, posts0_.content as content5_0_, posts0_.title as title6_0_ from posts posts0_
>>>>>>>>> createDate = 2020-04-27T21:12:27.096, modifiedDate = 2020-04-27T21:12:27.096
Hibernate: select posts0_.id as id1_0_, posts0_.created_date as created_2_0_, posts0_.modified_date as modified3_0_, posts0_.author as author4_0_, posts0_.content as content5_0_, posts0_.title as title6_0_ from posts posts0_
Hibernate: delete from posts where id=?
]]></system-out>
  <system-err><![CDATA[[2020.04.27 21:12:24] (Coverage): Error during class instrumentation: org.springframework.security.config.annotation.authentication.configurers.ldap.LdapAuthenticationProviderConfigurer: java.lang.RuntimeException: java.io.IOException: Class not found
]]></system-err>
</testsuite>
