<?xml version="1.0" encoding="UTF-8"?>
<testsuite name="com.jinsu.pak.springBootTest.web.PostsApiControllerTest" tests="2" skipped="0" failures="0" errors="0" timestamp="2020-04-28T11:55:02" hostname="JINSMac" time="0.071">
  <properties/>
  <testcase name="Posts_등록된다" classname="com.jinsu.pak.springBootTest.web.PostsApiControllerTest" time="0.051"/>
  <testcase name="Posts_수정된다" classname="com.jinsu.pak.springBootTest.web.PostsApiControllerTest" time="0.019"/>
  <system-out><![CDATA[2020-04-28 20:55:02.599  INFO 5843 --- [    Test worker] .b.t.c.SpringBootTestContextBootstrapper : Neither @ContextConfiguration nor @ContextHierarchy found for test class [com.jinsu.pak.springBootTest.web.PostsApiControllerTest], using SpringBootContextLoader
2020-04-28 20:55:02.600  INFO 5843 --- [    Test worker] o.s.t.c.support.AbstractContextLoader    : Could not detect default resource locations for test class [com.jinsu.pak.springBootTest.web.PostsApiControllerTest]: no resource found for suffixes {-context.xml, Context.groovy}.
2020-04-28 20:55:02.600  INFO 5843 --- [    Test worker] t.c.s.AnnotationConfigContextLoaderUtils : Could not detect default configuration classes for test class [com.jinsu.pak.springBootTest.web.PostsApiControllerTest]: PostsApiControllerTest does not declare any static, non-private, non-final, nested classes annotated with @Configuration.
2020-04-28 20:55:02.601  INFO 5843 --- [    Test worker] .b.t.c.SpringBootTestContextBootstrapper : Found @SpringBootConfiguration com.jinsu.pak.springBootTest.Application for test class com.jinsu.pak.springBootTest.web.PostsApiControllerTest
2020-04-28 20:55:02.601  INFO 5843 --- [    Test worker] .b.t.c.SpringBootTestContextBootstrapper : Loaded default TestExecutionListener class names from location [META-INF/spring.factories]: [org.springframework.security.test.context.support.WithSecurityContextTestExecutionListener, org.springframework.security.test.context.support.ReactorContextTestExecutionListener, org.springframework.boot.test.autoconfigure.restdocs.RestDocsTestExecutionListener, org.springframework.boot.test.autoconfigure.web.client.MockRestServiceServerResetTestExecutionListener, org.springframework.boot.test.autoconfigure.web.servlet.MockMvcPrintOnlyOnFailureTestExecutionListener, org.springframework.boot.test.autoconfigure.web.servlet.WebDriverTestExecutionListener, org.springframework.boot.test.mock.mockito.MockitoTestExecutionListener, org.springframework.boot.test.mock.mockito.ResetMocksTestExecutionListener, org.springframework.test.context.web.ServletTestExecutionListener, org.springframework.test.context.support.DirtiesContextBeforeModesTestExecutionListener, org.springframework.test.context.support.DependencyInjectionTestExecutionListener, org.springframework.test.context.support.DirtiesContextTestExecutionListener, org.springframework.test.context.transaction.TransactionalTestExecutionListener, org.springframework.test.context.jdbc.SqlScriptsTestExecutionListener]
2020-04-28 20:55:02.602  INFO 5843 --- [    Test worker] .b.t.c.SpringBootTestContextBootstrapper : Using TestExecutionListeners: [org.springframework.test.context.web.ServletTestExecutionListener@4bbe9c64, org.springframework.test.context.support.DirtiesContextBeforeModesTestExecutionListener@7b0fad49, org.springframework.boot.test.mock.mockito.MockitoTestExecutionListener@1a7aa353, org.springframework.boot.test.autoconfigure.SpringBootDependencyInjectionTestExecutionListener@43803eaf, org.springframework.test.context.support.DirtiesContextTestExecutionListener@7c62d707, org.springframework.test.context.transaction.TransactionalTestExecutionListener@7a014827, org.springframework.test.context.jdbc.SqlScriptsTestExecutionListener@352e0c0f, org.springframework.security.test.context.support.WithSecurityContextTestExecutionListener@77192943, org.springframework.security.test.context.support.ReactorContextTestExecutionListener@1d290248, org.springframework.boot.test.autoconfigure.restdocs.RestDocsTestExecutionListener@6d9931ba, org.springframework.boot.test.autoconfigure.web.client.MockRestServiceServerResetTestExecutionListener@28121672, org.springframework.boot.test.autoconfigure.web.servlet.MockMvcPrintOnlyOnFailureTestExecutionListener@167f7102, org.springframework.boot.test.autoconfigure.web.servlet.WebDriverTestExecutionListener@43110ac7, org.springframework.boot.test.mock.mockito.ResetMocksTestExecutionListener@6721f7fe]
2020-04-28 20:55:02.608  INFO 5843 --- [    Test worker] o.a.c.c.C.[Tomcat].[localhost].[/]       : Initializing Spring TestDispatcherServlet ''
2020-04-28 20:55:02.608  INFO 5843 --- [    Test worker] o.s.t.web.servlet.TestDispatcherServlet  : Initializing Servlet ''
2020-04-28 20:55:02.610  INFO 5843 --- [    Test worker] o.s.t.web.servlet.TestDispatcherServlet  : Completed initialization in 2 ms
Hibernate: insert into posts (created_date, modified_date, author, content, title) values (?, ?, ?, ?, ?)
Hibernate: select posts0_.id as id1_0_, posts0_.created_date as created_2_0_, posts0_.modified_date as modified3_0_, posts0_.author as author4_0_, posts0_.content as content5_0_, posts0_.title as title6_0_ from posts posts0_
Hibernate: select posts0_.id as id1_0_, posts0_.created_date as created_2_0_, posts0_.modified_date as modified3_0_, posts0_.author as author4_0_, posts0_.content as content5_0_, posts0_.title as title6_0_ from posts posts0_
Hibernate: delete from posts where id=?
2020-04-28 20:55:02.657  INFO 5843 --- [    Test worker] o.a.c.c.C.[Tomcat].[localhost].[/]       : Initializing Spring TestDispatcherServlet ''
2020-04-28 20:55:02.657  INFO 5843 --- [    Test worker] o.s.t.web.servlet.TestDispatcherServlet  : Initializing Servlet ''
2020-04-28 20:55:02.659  INFO 5843 --- [    Test worker] o.s.t.web.servlet.TestDispatcherServlet  : Completed initialization in 2 ms
Hibernate: insert into posts (created_date, modified_date, author, content, title) values (?, ?, ?, ?, ?)
Hibernate: select posts0_.id as id1_0_0_, posts0_.created_date as created_2_0_0_, posts0_.modified_date as modified3_0_0_, posts0_.author as author4_0_0_, posts0_.content as content5_0_0_, posts0_.title as title6_0_0_ from posts posts0_ where posts0_.id=?
Hibernate: update posts set created_date=?, modified_date=?, author=?, content=?, title=? where id=?
Hibernate: select posts0_.id as id1_0_, posts0_.created_date as created_2_0_, posts0_.modified_date as modified3_0_, posts0_.author as author4_0_, posts0_.content as content5_0_, posts0_.title as title6_0_ from posts posts0_
Hibernate: select posts0_.id as id1_0_, posts0_.created_date as created_2_0_, posts0_.modified_date as modified3_0_, posts0_.author as author4_0_, posts0_.content as content5_0_, posts0_.title as title6_0_ from posts posts0_
Hibernate: delete from posts where id=?
]]></system-out>
  <system-err><![CDATA[]]></system-err>
</testsuite>
