<?xml version="1.0" encoding="UTF-8"?>
<testsuite name="com.jinsu.pak.springBootTest.web.IndexControllerTest" tests="1" skipped="0" failures="0" errors="0" timestamp="2020-05-02T11:37:17" hostname="JINSMac" time="0.131">
  <properties/>
  <testcase name="메인페이지_로딩" classname="com.jinsu.pak.springBootTest.web.IndexControllerTest" time="0.131"/>
  <system-out><![CDATA[2020-05-02 20:37:15.681  INFO 13358 --- [    Test worker] .b.t.c.SpringBootTestContextBootstrapper : Neither @ContextConfiguration nor @ContextHierarchy found for test class [com.jinsu.pak.springBootTest.web.IndexControllerTest], using SpringBootContextLoader
2020-05-02 20:37:15.681  INFO 13358 --- [    Test worker] o.s.t.c.support.AbstractContextLoader    : Could not detect default resource locations for test class [com.jinsu.pak.springBootTest.web.IndexControllerTest]: no resource found for suffixes {-context.xml, Context.groovy}.
2020-05-02 20:37:15.682  INFO 13358 --- [    Test worker] t.c.s.AnnotationConfigContextLoaderUtils : Could not detect default configuration classes for test class [com.jinsu.pak.springBootTest.web.IndexControllerTest]: IndexControllerTest does not declare any static, non-private, non-final, nested classes annotated with @Configuration.
2020-05-02 20:37:15.682  INFO 13358 --- [    Test worker] .b.t.c.SpringBootTestContextBootstrapper : Found @SpringBootConfiguration com.jinsu.pak.springBootTest.Application for test class com.jinsu.pak.springBootTest.web.IndexControllerTest
2020-05-02 20:37:15.683  INFO 13358 --- [    Test worker] .b.t.c.SpringBootTestContextBootstrapper : Loaded default TestExecutionListener class names from location [META-INF/spring.factories]: [org.springframework.security.test.context.support.WithSecurityContextTestExecutionListener, org.springframework.security.test.context.support.ReactorContextTestExecutionListener, org.springframework.boot.test.autoconfigure.restdocs.RestDocsTestExecutionListener, org.springframework.boot.test.autoconfigure.web.client.MockRestServiceServerResetTestExecutionListener, org.springframework.boot.test.autoconfigure.web.servlet.MockMvcPrintOnlyOnFailureTestExecutionListener, org.springframework.boot.test.autoconfigure.web.servlet.WebDriverTestExecutionListener, org.springframework.boot.test.mock.mockito.MockitoTestExecutionListener, org.springframework.boot.test.mock.mockito.ResetMocksTestExecutionListener, org.springframework.test.context.web.ServletTestExecutionListener, org.springframework.test.context.support.DirtiesContextBeforeModesTestExecutionListener, org.springframework.test.context.support.DependencyInjectionTestExecutionListener, org.springframework.test.context.support.DirtiesContextTestExecutionListener, org.springframework.test.context.transaction.TransactionalTestExecutionListener, org.springframework.test.context.jdbc.SqlScriptsTestExecutionListener]
2020-05-02 20:37:15.684  INFO 13358 --- [    Test worker] .b.t.c.SpringBootTestContextBootstrapper : Using TestExecutionListeners: [org.springframework.test.context.web.ServletTestExecutionListener@3939267b, org.springframework.test.context.support.DirtiesContextBeforeModesTestExecutionListener@320142af, org.springframework.boot.test.mock.mockito.MockitoTestExecutionListener@2a065881, org.springframework.boot.test.autoconfigure.SpringBootDependencyInjectionTestExecutionListener@5f3ad440, org.springframework.test.context.support.DirtiesContextTestExecutionListener@2fc03b22, org.springframework.test.context.transaction.TransactionalTestExecutionListener@17ec104f, org.springframework.test.context.jdbc.SqlScriptsTestExecutionListener@f368063, org.springframework.security.test.context.support.WithSecurityContextTestExecutionListener@6a7cd11, org.springframework.security.test.context.support.ReactorContextTestExecutionListener@2890ffcc, org.springframework.boot.test.autoconfigure.restdocs.RestDocsTestExecutionListener@5f89fcf9, org.springframework.boot.test.autoconfigure.web.client.MockRestServiceServerResetTestExecutionListener@64075af3, org.springframework.boot.test.autoconfigure.web.servlet.MockMvcPrintOnlyOnFailureTestExecutionListener@5cf0cc27, org.springframework.boot.test.autoconfigure.web.servlet.WebDriverTestExecutionListener@733126ea, org.springframework.boot.test.mock.mockito.ResetMocksTestExecutionListener@634f7241]

  .   ____          _            __ _ _
 /\\ / ___'_ __ _ _(_)_ __  __ _ \ \ \ \
( ( )\___ | '_ | '_| | '_ \/ _` | \ \ \ \
 \\/  ___)| |_)| | | | | || (_| |  ) ) ) )
  '  |____| .__|_| |_|_| |_\__, | / / / /
 =========|_|==============|___/=/_/_/_/
 :: Spring Boot ::        (v2.1.7.RELEASE)

2020-05-02 20:37:15.702  INFO 13358 --- [    Test worker] c.j.p.s.web.IndexControllerTest          : Starting IndexControllerTest on JINSMac with PID 13358 (started by jins in /Users/jins/IdeaProjects/springBootTest)
2020-05-02 20:37:15.703  INFO 13358 --- [    Test worker] c.j.p.s.web.IndexControllerTest          : No active profile set, falling back to default profiles: default
2020-05-02 20:37:15.835  INFO 13358 --- [    Test worker] .s.d.r.c.RepositoryConfigurationDelegate : Bootstrapping Spring Data repositories in DEFAULT mode.
2020-05-02 20:37:15.847  INFO 13358 --- [    Test worker] .s.d.r.c.RepositoryConfigurationDelegate : Finished Spring Data repository scanning in 12ms. Found 2 repository interfaces.
2020-05-02 20:37:15.923  INFO 13358 --- [    Test worker] trationDelegate$BeanPostProcessorChecker : Bean 'org.springframework.transaction.annotation.ProxyTransactionManagementConfiguration' of type [org.springframework.transaction.annotation.ProxyTransactionManagementConfiguration$$EnhancerBySpringCGLIB$$f4c97ce1] is not eligible for getting processed by all BeanPostProcessors (for example: not eligible for auto-proxying)
2020-05-02 20:37:16.113  INFO 13358 --- [    Test worker] o.s.b.w.embedded.tomcat.TomcatWebServer  : Tomcat initialized with port(s): 0 (http)
2020-05-02 20:37:16.138  INFO 13358 --- [    Test worker] o.apache.catalina.core.StandardService   : Starting service [Tomcat]
2020-05-02 20:37:16.139  INFO 13358 --- [    Test worker] org.apache.catalina.core.StandardEngine  : Starting Servlet engine: [Apache Tomcat/9.0.22]
2020-05-02 20:37:16.257  INFO 13358 --- [    Test worker] o.a.c.c.C.[Tomcat].[localhost].[/]       : Initializing Spring embedded WebApplicationContext
2020-05-02 20:37:16.257  INFO 13358 --- [    Test worker] o.s.web.context.ContextLoader            : Root WebApplicationContext: initialization completed in 553 ms
2020-05-02 20:37:16.368  INFO 13358 --- [    Test worker] com.zaxxer.hikari.HikariDataSource       : HikariPool-2 - Starting...
2020-05-02 20:37:16.369  INFO 13358 --- [    Test worker] com.zaxxer.hikari.HikariDataSource       : HikariPool-2 - Start completed.
2020-05-02 20:37:16.387  INFO 13358 --- [    Test worker] o.hibernate.jpa.internal.util.LogHelper  : HHH000204: Processing PersistenceUnitInfo [
	name: default
	...]
2020-05-02 20:37:16.393  INFO 13358 --- [    Test worker] org.hibernate.dialect.Dialect            : HHH000400: Using dialect: org.hibernate.dialect.MySQL5InnoDBDialect
Hibernate: drop table if exists posts
Hibernate: drop table if exists user
Hibernate: create table posts (id bigint not null auto_increment, created_date datetime, modified_date datetime, author varchar(255), content TEXT not null, title varchar(500) not null, primary key (id)) engine=InnoDB
Hibernate: create table user (id bigint not null auto_increment, created_date datetime, modified_date datetime, email varchar(255) not null, name varchar(255) not null, picture varchar(255), role varchar(255) not null, primary key (id)) engine=InnoDB
2020-05-02 20:37:16.439  INFO 13358 --- [    Test worker] o.h.t.schema.internal.SchemaCreatorImpl  : HHH000476: Executing import script 'org.hibernate.tool.schema.internal.exec.ScriptSourceInputNonExistentImpl@53b5cc35'
2020-05-02 20:37:16.439  INFO 13358 --- [    Test worker] j.LocalContainerEntityManagerFactoryBean : Initialized JPA EntityManagerFactory for persistence unit 'default'
2020-05-02 20:37:16.654  INFO 13358 --- [    Test worker] o.h.h.i.QueryTranslatorFactoryInitiator  : HHH000397: Using ASTQueryTranslatorFactory
2020-05-02 20:37:16.749  INFO 13358 --- [    Test worker] o.s.s.web.DefaultSecurityFilterChain     : Creating filter chain: any request, [org.springframework.security.web.context.request.async.WebAsyncManagerIntegrationFilter@7f3119e, org.springframework.security.web.context.SecurityContextPersistenceFilter@707ecf36, org.springframework.security.web.header.HeaderWriterFilter@13b9d52e, org.springframework.security.web.authentication.logout.LogoutFilter@4bb63304, org.springframework.security.oauth2.client.web.OAuth2AuthorizationRequestRedirectFilter@1a4d65db, org.springframework.security.oauth2.client.web.OAuth2LoginAuthenticationFilter@15cc5c8a, org.springframework.security.web.authentication.ui.DefaultLoginPageGeneratingFilter@4db742fb, org.springframework.security.web.authentication.ui.DefaultLogoutPageGeneratingFilter@3f151d19, org.springframework.security.web.savedrequest.RequestCacheAwareFilter@4ec04c7d, org.springframework.security.web.servletapi.SecurityContextHolderAwareRequestFilter@130de02e, org.springframework.security.web.authentication.AnonymousAuthenticationFilter@4e87c49d, org.springframework.security.web.session.SessionManagementFilter@40c3c4f0, org.springframework.security.web.access.ExceptionTranslationFilter@682ad559, org.springframework.security.web.access.intercept.FilterSecurityInterceptor@648b8aab]
2020-05-02 20:37:16.854  INFO 13358 --- [    Test worker] o.s.s.concurrent.ThreadPoolTaskExecutor  : Initializing ExecutorService 'applicationTaskExecutor'
2020-05-02 20:37:16.865  WARN 13358 --- [    Test worker] aWebConfiguration$JpaWebMvcConfiguration : spring.jpa.open-in-view is enabled by default. Therefore, database queries may be performed during view rendering. Explicitly configure spring.jpa.open-in-view to disable this warning
2020-05-02 20:37:16.882  INFO 13358 --- [    Test worker] o.s.b.a.w.s.WelcomePageHandlerMapping    : Adding welcome page template: index
2020-05-02 20:37:17.036  INFO 13358 --- [    Test worker] s.a.ScheduledAnnotationBeanPostProcessor : No TaskScheduler/ScheduledExecutorService bean found for scheduled processing
2020-05-02 20:37:17.051  INFO 13358 --- [    Test worker] o.s.b.w.embedded.tomcat.TomcatWebServer  : Tomcat started on port(s): 63477 (http) with context path ''
2020-05-02 20:37:17.052  INFO 13358 --- [    Test worker] c.j.p.s.web.IndexControllerTest          : Started IndexControllerTest in 1.368 seconds (JVM running for 6.781)
2020-05-02 20:37:17.125  INFO 13358 --- [o-auto-1-exec-1] o.a.c.c.C.[Tomcat].[localhost].[/]       : Initializing Spring DispatcherServlet 'dispatcherServlet'
2020-05-02 20:37:17.125  INFO 13358 --- [o-auto-1-exec-1] o.s.web.servlet.DispatcherServlet        : Initializing Servlet 'dispatcherServlet'
2020-05-02 20:37:17.139  INFO 13358 --- [o-auto-1-exec-1] o.s.web.servlet.DispatcherServlet        : Completed initialization in 14 ms
Hibernate: select posts0_.id as id1_0_, posts0_.created_date as created_2_0_, posts0_.modified_date as modified3_0_, posts0_.author as author4_0_, posts0_.content as content5_0_, posts0_.title as title6_0_ from posts posts0_ order by posts0_.id DESC
]]></system-out>
  <system-err><![CDATA[]]></system-err>
</testsuite>
