<?xml version="1.0" encoding="UTF-8"?>
<testsuite name="com.jinsu.pak.springBootTest.web.HelloControllerTest" tests="2" skipped="0" failures="0" errors="0" timestamp="2020-04-28T12:33:11" hostname="JINSMac" time="0.106">
  <properties/>
  <testcase name="hello가_리턴된다" classname="com.jinsu.pak.springBootTest.web.HelloControllerTest" time="0.048"/>
  <testcase name="helloDto가_리턴된다" classname="com.jinsu.pak.springBootTest.web.HelloControllerTest" time="0.058"/>
  <system-out><![CDATA[2020-04-28 21:33:10.701  INFO 6405 --- [    Test worker] .b.t.a.w.s.WebMvcTestContextBootstrapper : Neither @ContextConfiguration nor @ContextHierarchy found for test class [com.jinsu.pak.springBootTest.web.HelloControllerTest], using SpringBootContextLoader
2020-04-28 21:33:10.702  INFO 6405 --- [    Test worker] o.s.t.c.support.AbstractContextLoader    : Could not detect default resource locations for test class [com.jinsu.pak.springBootTest.web.HelloControllerTest]: no resource found for suffixes {-context.xml, Context.groovy}.
2020-04-28 21:33:10.702  INFO 6405 --- [    Test worker] t.c.s.AnnotationConfigContextLoaderUtils : Could not detect default configuration classes for test class [com.jinsu.pak.springBootTest.web.HelloControllerTest]: HelloControllerTest does not declare any static, non-private, non-final, nested classes annotated with @Configuration.
2020-04-28 21:33:10.719  INFO 6405 --- [    Test worker] .b.t.c.SpringBootTestContextBootstrapper : Found @SpringBootConfiguration com.jinsu.pak.springBootTest.Application for test class com.jinsu.pak.springBootTest.web.HelloControllerTest
2020-04-28 21:33:10.719  INFO 6405 --- [    Test worker] .b.t.a.w.s.WebMvcTestContextBootstrapper : Loaded default TestExecutionListener class names from location [META-INF/spring.factories]: [org.springframework.security.test.context.support.WithSecurityContextTestExecutionListener, org.springframework.security.test.context.support.ReactorContextTestExecutionListener, org.springframework.boot.test.autoconfigure.restdocs.RestDocsTestExecutionListener, org.springframework.boot.test.autoconfigure.web.client.MockRestServiceServerResetTestExecutionListener, org.springframework.boot.test.autoconfigure.web.servlet.MockMvcPrintOnlyOnFailureTestExecutionListener, org.springframework.boot.test.autoconfigure.web.servlet.WebDriverTestExecutionListener, org.springframework.boot.test.mock.mockito.MockitoTestExecutionListener, org.springframework.boot.test.mock.mockito.ResetMocksTestExecutionListener, org.springframework.test.context.web.ServletTestExecutionListener, org.springframework.test.context.support.DirtiesContextBeforeModesTestExecutionListener, org.springframework.test.context.support.DependencyInjectionTestExecutionListener, org.springframework.test.context.support.DirtiesContextTestExecutionListener, org.springframework.test.context.transaction.TransactionalTestExecutionListener, org.springframework.test.context.jdbc.SqlScriptsTestExecutionListener]
2020-04-28 21:33:10.720  INFO 6405 --- [    Test worker] .b.t.a.w.s.WebMvcTestContextBootstrapper : Using TestExecutionListeners: [org.springframework.test.context.web.ServletTestExecutionListener@5f0e6eea, org.springframework.test.context.support.DirtiesContextBeforeModesTestExecutionListener@38d04764, org.springframework.boot.test.mock.mockito.MockitoTestExecutionListener@3ab0e190, org.springframework.boot.test.autoconfigure.SpringBootDependencyInjectionTestExecutionListener@363546e, org.springframework.test.context.support.DirtiesContextTestExecutionListener@2fb613d6, org.springframework.test.context.transaction.TransactionalTestExecutionListener@15e78a23, org.springframework.test.context.jdbc.SqlScriptsTestExecutionListener@2866556e, org.springframework.security.test.context.support.WithSecurityContextTestExecutionListener@31bfb428, org.springframework.security.test.context.support.ReactorContextTestExecutionListener@2e88396a, org.springframework.boot.test.autoconfigure.restdocs.RestDocsTestExecutionListener@717180a, org.springframework.boot.test.autoconfigure.web.client.MockRestServiceServerResetTestExecutionListener@1dc0f0a3, org.springframework.boot.test.autoconfigure.web.servlet.MockMvcPrintOnlyOnFailureTestExecutionListener@511219c7, org.springframework.boot.test.autoconfigure.web.servlet.WebDriverTestExecutionListener@3e3e29e6, org.springframework.boot.test.mock.mockito.ResetMocksTestExecutionListener@156a163]

  .   ____          _            __ _ _
 /\\ / ___'_ __ _ _(_)_ __  __ _ \ \ \ \
( ( )\___ | '_ | '_| | '_ \/ _` | \ \ \ \
 \\/  ___)| |_)| | | | | || (_| |  ) ) ) )
  '  |____| .__|_| |_|_| |_\__, | / / / /
 =========|_|==============|___/=/_/_/_/
 :: Spring Boot ::        (v2.1.7.RELEASE)

2020-04-28 21:33:10.737  INFO 6405 --- [    Test worker] c.j.p.s.web.HelloControllerTest          : Starting HelloControllerTest on JINSMac with PID 6405 (started by jins in /Users/jins/IdeaProjects/springBootTest)
2020-04-28 21:33:10.738  INFO 6405 --- [    Test worker] c.j.p.s.web.HelloControllerTest          : No active profile set, falling back to default profiles: default
2020-04-28 21:33:11.006  INFO 6405 --- [    Test worker] o.s.s.concurrent.ThreadPoolTaskExecutor  : Initializing ExecutorService 'applicationTaskExecutor'
2020-04-28 21:33:11.025  INFO 6405 --- [    Test worker] o.s.b.a.w.s.WelcomePageHandlerMapping    : Adding welcome page template: index
2020-04-28 21:33:11.164  INFO 6405 --- [    Test worker] .s.s.UserDetailsServiceAutoConfiguration : 

Using generated security password: 18f7970b-7f50-4f2a-b319-3f0efc1a4bca

2020-04-28 21:33:11.242  INFO 6405 --- [    Test worker] o.s.s.web.DefaultSecurityFilterChain     : Creating filter chain: any request, [org.springframework.security.web.context.request.async.WebAsyncManagerIntegrationFilter@7d3eade4, org.springframework.security.web.context.SecurityContextPersistenceFilter@439f75ec, org.springframework.security.web.header.HeaderWriterFilter@250f162b, org.springframework.security.web.csrf.CsrfFilter@66d699ad, org.springframework.security.web.authentication.logout.LogoutFilter@7d2db2c8, org.springframework.security.web.authentication.UsernamePasswordAuthenticationFilter@5fe4efe5, org.springframework.security.web.authentication.ui.DefaultLoginPageGeneratingFilter@71d9369, org.springframework.security.web.authentication.ui.DefaultLogoutPageGeneratingFilter@754881ae, org.springframework.security.web.authentication.www.BasicAuthenticationFilter@4e7497d0, org.springframework.security.web.savedrequest.RequestCacheAwareFilter@1a3e202e, org.springframework.security.web.servletapi.SecurityContextHolderAwareRequestFilter@47ddc30c, org.springframework.security.web.authentication.AnonymousAuthenticationFilter@1f6852c0, org.springframework.security.web.session.SessionManagementFilter@77c6f8d6, org.springframework.security.web.access.ExceptionTranslationFilter@7d548594, org.springframework.security.web.access.intercept.FilterSecurityInterceptor@4e3328f4]
2020-04-28 21:33:11.266  INFO 6405 --- [    Test worker] o.s.b.t.m.w.SpringBootMockServletContext : Initializing Spring TestDispatcherServlet ''
2020-04-28 21:33:11.267  INFO 6405 --- [    Test worker] o.s.t.web.servlet.TestDispatcherServlet  : Initializing Servlet ''
2020-04-28 21:33:11.274  INFO 6405 --- [    Test worker] o.s.t.web.servlet.TestDispatcherServlet  : Completed initialization in 7 ms
2020-04-28 21:33:11.292  INFO 6405 --- [    Test worker] c.j.p.s.web.HelloControllerTest          : Started HelloControllerTest in 0.57 seconds (JVM running for 5.342)
]]></system-out>
  <system-err><![CDATA[]]></system-err>
</testsuite>
