<?xml version="1.0" encoding="UTF-8"?>
<testsuite name="com.jinsu.pak.springBootTest.web.IndexControllerTest" tests="1" skipped="0" failures="0" errors="0" timestamp="2020-05-02T11:02:34" hostname="JINSMac" time="0.289">
  <properties/>
  <testcase name="메인페이지_로딩" classname="com.jinsu.pak.springBootTest.web.IndexControllerTest" time="0.289"/>
  <system-out><![CDATA[20:02:29.948 [Test worker] DEBUG org.springframework.test.context.junit4.SpringJUnit4ClassRunner - SpringJUnit4ClassRunner constructor called with [class com.jinsu.pak.springBootTest.web.IndexControllerTest]
20:02:29.954 [Test worker] DEBUG org.springframework.test.context.BootstrapUtils - Instantiating CacheAwareContextLoaderDelegate from class [org.springframework.test.context.cache.DefaultCacheAwareContextLoaderDelegate]
20:02:29.960 [Test worker] DEBUG org.springframework.test.context.BootstrapUtils - Instantiating BootstrapContext using constructor [public org.springframework.test.context.support.DefaultBootstrapContext(java.lang.Class,org.springframework.test.context.CacheAwareContextLoaderDelegate)]
20:02:29.975 [Test worker] DEBUG org.springframework.test.context.BootstrapUtils - Instantiating TestContextBootstrapper for test class [com.jinsu.pak.springBootTest.web.IndexControllerTest] from class [org.springframework.boot.test.context.SpringBootTestContextBootstrapper]
20:02:29.984 [Test worker] INFO org.springframework.boot.test.context.SpringBootTestContextBootstrapper - Neither @ContextConfiguration nor @ContextHierarchy found for test class [com.jinsu.pak.springBootTest.web.IndexControllerTest], using SpringBootContextLoader
20:02:29.986 [Test worker] DEBUG org.springframework.test.context.support.AbstractContextLoader - Did not detect default resource location for test class [com.jinsu.pak.springBootTest.web.IndexControllerTest]: class path resource [com/jinsu/pak/springBootTest/web/IndexControllerTest-context.xml] does not exist
20:02:29.987 [Test worker] DEBUG org.springframework.test.context.support.AbstractContextLoader - Did not detect default resource location for test class [com.jinsu.pak.springBootTest.web.IndexControllerTest]: class path resource [com/jinsu/pak/springBootTest/web/IndexControllerTestContext.groovy] does not exist
20:02:29.987 [Test worker] INFO org.springframework.test.context.support.AbstractContextLoader - Could not detect default resource locations for test class [com.jinsu.pak.springBootTest.web.IndexControllerTest]: no resource found for suffixes {-context.xml, Context.groovy}.
20:02:29.988 [Test worker] INFO org.springframework.test.context.support.AnnotationConfigContextLoaderUtils - Could not detect default configuration classes for test class [com.jinsu.pak.springBootTest.web.IndexControllerTest]: IndexControllerTest does not declare any static, non-private, non-final, nested classes annotated with @Configuration.
20:02:30.020 [Test worker] DEBUG org.springframework.test.context.support.ActiveProfilesUtils - Could not find an 'annotation declaring class' for annotation type [org.springframework.test.context.ActiveProfiles] and class [com.jinsu.pak.springBootTest.web.IndexControllerTest]
20:02:30.103 [Test worker] DEBUG org.springframework.context.annotation.ClassPathScanningCandidateComponentProvider - Identified candidate component class: file [/Users/jins/IdeaProjects/springBootTest/build/classes/java/main/com/jinsu/pak/springBootTest/Application.class]
20:02:30.104 [Test worker] INFO org.springframework.boot.test.context.SpringBootTestContextBootstrapper - Found @SpringBootConfiguration com.jinsu.pak.springBootTest.Application for test class com.jinsu.pak.springBootTest.web.IndexControllerTest
20:02:30.174 [Test worker] DEBUG org.springframework.boot.test.context.SpringBootTestContextBootstrapper - @TestExecutionListeners is not present for class [com.jinsu.pak.springBootTest.web.IndexControllerTest]: using defaults.
20:02:30.175 [Test worker] INFO org.springframework.boot.test.context.SpringBootTestContextBootstrapper - Loaded default TestExecutionListener class names from location [META-INF/spring.factories]: [org.springframework.security.test.context.support.WithSecurityContextTestExecutionListener, org.springframework.security.test.context.support.ReactorContextTestExecutionListener, org.springframework.boot.test.autoconfigure.restdocs.RestDocsTestExecutionListener, org.springframework.boot.test.autoconfigure.web.client.MockRestServiceServerResetTestExecutionListener, org.springframework.boot.test.autoconfigure.web.servlet.MockMvcPrintOnlyOnFailureTestExecutionListener, org.springframework.boot.test.autoconfigure.web.servlet.WebDriverTestExecutionListener, org.springframework.boot.test.mock.mockito.MockitoTestExecutionListener, org.springframework.boot.test.mock.mockito.ResetMocksTestExecutionListener, org.springframework.test.context.web.ServletTestExecutionListener, org.springframework.test.context.support.DirtiesContextBeforeModesTestExecutionListener, org.springframework.test.context.support.DependencyInjectionTestExecutionListener, org.springframework.test.context.support.DirtiesContextTestExecutionListener, org.springframework.test.context.transaction.TransactionalTestExecutionListener, org.springframework.test.context.jdbc.SqlScriptsTestExecutionListener]
20:02:30.189 [Test worker] INFO org.springframework.boot.test.context.SpringBootTestContextBootstrapper - Using TestExecutionListeners: [org.springframework.test.context.web.ServletTestExecutionListener@5d297669, org.springframework.test.context.support.DirtiesContextBeforeModesTestExecutionListener@27bd3029, org.springframework.boot.test.mock.mockito.MockitoTestExecutionListener@6db05b38, org.springframework.boot.test.autoconfigure.SpringBootDependencyInjectionTestExecutionListener@418ccbaa, org.springframework.test.context.support.DirtiesContextTestExecutionListener@570077cc, org.springframework.test.context.transaction.TransactionalTestExecutionListener@1972297d, org.springframework.test.context.jdbc.SqlScriptsTestExecutionListener@76f4c8f0, org.springframework.security.test.context.support.WithSecurityContextTestExecutionListener@51828c1f, org.springframework.security.test.context.support.ReactorContextTestExecutionListener@5e83ff4, org.springframework.boot.test.autoconfigure.restdocs.RestDocsTestExecutionListener@dd9c7f5, org.springframework.boot.test.autoconfigure.web.client.MockRestServiceServerResetTestExecutionListener@5dba3df6, org.springframework.boot.test.autoconfigure.web.servlet.MockMvcPrintOnlyOnFailureTestExecutionListener@189db02a, org.springframework.boot.test.autoconfigure.web.servlet.WebDriverTestExecutionListener@5cce3b52, org.springframework.boot.test.mock.mockito.ResetMocksTestExecutionListener@1febb951]
20:02:30.192 [Test worker] DEBUG org.springframework.test.annotation.ProfileValueUtils - Retrieved @ProfileValueSourceConfiguration [null] for test class [com.jinsu.pak.springBootTest.web.IndexControllerTest]
20:02:30.192 [Test worker] DEBUG org.springframework.test.annotation.ProfileValueUtils - Retrieved ProfileValueSource type [class org.springframework.test.annotation.SystemProfileValueSource] for class [com.jinsu.pak.springBootTest.web.IndexControllerTest]
20:02:30.194 [Test worker] DEBUG org.springframework.test.annotation.ProfileValueUtils - Retrieved @ProfileValueSourceConfiguration [null] for test class [com.jinsu.pak.springBootTest.web.IndexControllerTest]
20:02:30.194 [Test worker] DEBUG org.springframework.test.annotation.ProfileValueUtils - Retrieved ProfileValueSource type [class org.springframework.test.annotation.SystemProfileValueSource] for class [com.jinsu.pak.springBootTest.web.IndexControllerTest]
20:02:30.194 [Test worker] DEBUG org.springframework.test.annotation.ProfileValueUtils - Retrieved @ProfileValueSourceConfiguration [null] for test class [com.jinsu.pak.springBootTest.web.IndexControllerTest]
20:02:30.195 [Test worker] DEBUG org.springframework.test.annotation.ProfileValueUtils - Retrieved ProfileValueSource type [class org.springframework.test.annotation.SystemProfileValueSource] for class [com.jinsu.pak.springBootTest.web.IndexControllerTest]
20:02:30.198 [Test worker] DEBUG org.springframework.test.context.support.AbstractDirtiesContextTestExecutionListener - Before test class: context [DefaultTestContext@1699a4af testClass = IndexControllerTest, testInstance = [null], testMethod = [null], testException = [null], mergedContextConfiguration = [WebMergedContextConfiguration@72f212eb testClass = IndexControllerTest, locations = '{}', classes = '{class com.jinsu.pak.springBootTest.Application}', contextInitializerClasses = '[]', activeProfiles = '{}', propertySourceLocations = '{}', propertySourceProperties = '{org.springframework.boot.test.context.SpringBootTestContextBootstrapper=true, server.port=0}', contextCustomizers = set[org.springframework.boot.test.autoconfigure.properties.PropertyMappingContextCustomizer@0, org.springframework.boot.test.autoconfigure.web.servlet.WebDriverContextCustomizerFactory$Customizer@5ca6244f, org.springframework.boot.test.context.filter.ExcludeFilterContextCustomizer@81ea40, org.springframework.boot.test.json.DuplicateJsonObjectContextCustomizerFactory$DuplicateJsonObjectContextCustomizer@48449c2d, org.springframework.boot.test.mock.mockito.MockitoContextCustomizer@0, org.springframework.boot.test.web.client.TestRestTemplateContextCustomizer@42e23f93], resourceBasePath = 'src/main/webapp', contextLoader = 'org.springframework.boot.test.context.SpringBootContextLoader', parent = [null]], attributes = map['org.springframework.test.context.web.ServletTestExecutionListener.activateListener' -> false]], class annotated with @DirtiesContext [false] with mode [null].
20:02:30.198 [Test worker] DEBUG org.springframework.test.annotation.ProfileValueUtils - Retrieved @ProfileValueSourceConfiguration [null] for test class [com.jinsu.pak.springBootTest.web.IndexControllerTest]
20:02:30.198 [Test worker] DEBUG org.springframework.test.annotation.ProfileValueUtils - Retrieved ProfileValueSource type [class org.springframework.test.annotation.SystemProfileValueSource] for class [com.jinsu.pak.springBootTest.web.IndexControllerTest]
20:02:30.201 [Test worker] DEBUG org.springframework.test.context.support.DependencyInjectionTestExecutionListener - Performing dependency injection for test context [[DefaultTestContext@1699a4af testClass = IndexControllerTest, testInstance = com.jinsu.pak.springBootTest.web.IndexControllerTest@545df637, testMethod = [null], testException = [null], mergedContextConfiguration = [WebMergedContextConfiguration@72f212eb testClass = IndexControllerTest, locations = '{}', classes = '{class com.jinsu.pak.springBootTest.Application}', contextInitializerClasses = '[]', activeProfiles = '{}', propertySourceLocations = '{}', propertySourceProperties = '{org.springframework.boot.test.context.SpringBootTestContextBootstrapper=true, server.port=0}', contextCustomizers = set[org.springframework.boot.test.autoconfigure.properties.PropertyMappingContextCustomizer@0, org.springframework.boot.test.autoconfigure.web.servlet.WebDriverContextCustomizerFactory$Customizer@5ca6244f, org.springframework.boot.test.context.filter.ExcludeFilterContextCustomizer@81ea40, org.springframework.boot.test.json.DuplicateJsonObjectContextCustomizerFactory$DuplicateJsonObjectContextCustomizer@48449c2d, org.springframework.boot.test.mock.mockito.MockitoContextCustomizer@0, org.springframework.boot.test.web.client.TestRestTemplateContextCustomizer@42e23f93], resourceBasePath = 'src/main/webapp', contextLoader = 'org.springframework.boot.test.context.SpringBootContextLoader', parent = [null]], attributes = map['org.springframework.test.context.web.ServletTestExecutionListener.activateListener' -> false]]].
20:02:30.216 [Test worker] DEBUG org.springframework.test.context.support.TestPropertySourceUtils - Adding inlined properties to environment: {spring.jmx.enabled=false, org.springframework.boot.test.context.SpringBootTestContextBootstrapper=true, server.port=0}

  .   ____          _            __ _ _
 /\\ / ___'_ __ _ _(_)_ __  __ _ \ \ \ \
( ( )\___ | '_ | '_| | '_ \/ _` | \ \ \ \
 \\/  ___)| |_)| | | | | || (_| |  ) ) ) )
  '  |____| .__|_| |_|_| |_\__, | / / / /
 =========|_|==============|___/=/_/_/_/
 :: Spring Boot ::        (v2.1.7.RELEASE)

2020-05-02 20:02:30.413  INFO 12712 --- [    Test worker] c.j.p.s.web.IndexControllerTest          : Starting IndexControllerTest on JINSMac with PID 12712 (started by jins in /Users/jins/IdeaProjects/springBootTest)
2020-05-02 20:02:30.415  INFO 12712 --- [    Test worker] c.j.p.s.web.IndexControllerTest          : No active profile set, falling back to default profiles: default
2020-05-02 20:02:30.919  INFO 12712 --- [    Test worker] .s.d.r.c.RepositoryConfigurationDelegate : Bootstrapping Spring Data repositories in DEFAULT mode.
2020-05-02 20:02:30.972  INFO 12712 --- [    Test worker] .s.d.r.c.RepositoryConfigurationDelegate : Finished Spring Data repository scanning in 48ms. Found 2 repository interfaces.
2020-05-02 20:02:31.317  INFO 12712 --- [    Test worker] trationDelegate$BeanPostProcessorChecker : Bean 'org.springframework.transaction.annotation.ProxyTransactionManagementConfiguration' of type [org.springframework.transaction.annotation.ProxyTransactionManagementConfiguration$$EnhancerBySpringCGLIB$$30c298bf] is not eligible for getting processed by all BeanPostProcessors (for example: not eligible for auto-proxying)
2020-05-02 20:02:31.601  INFO 12712 --- [    Test worker] o.s.b.w.embedded.tomcat.TomcatWebServer  : Tomcat initialized with port(s): 0 (http)
2020-05-02 20:02:31.620  INFO 12712 --- [    Test worker] o.apache.catalina.core.StandardService   : Starting service [Tomcat]
2020-05-02 20:02:31.621  INFO 12712 --- [    Test worker] org.apache.catalina.core.StandardEngine  : Starting Servlet engine: [Apache Tomcat/9.0.22]
2020-05-02 20:02:31.703  INFO 12712 --- [    Test worker] o.a.c.c.C.[Tomcat].[localhost].[/]       : Initializing Spring embedded WebApplicationContext
2020-05-02 20:02:31.703  INFO 12712 --- [    Test worker] o.s.web.context.ContextLoader            : Root WebApplicationContext: initialization completed in 1276 ms
2020-05-02 20:02:31.895  INFO 12712 --- [    Test worker] com.zaxxer.hikari.HikariDataSource       : HikariPool-1 - Starting...
2020-05-02 20:02:32.038  INFO 12712 --- [    Test worker] com.zaxxer.hikari.HikariDataSource       : HikariPool-1 - Start completed.
2020-05-02 20:02:32.120  INFO 12712 --- [    Test worker] o.hibernate.jpa.internal.util.LogHelper  : HHH000204: Processing PersistenceUnitInfo [
	name: default
	...]
2020-05-02 20:02:32.177  INFO 12712 --- [    Test worker] org.hibernate.Version                    : HHH000412: Hibernate Core {5.3.10.Final}
2020-05-02 20:02:32.179  INFO 12712 --- [    Test worker] org.hibernate.cfg.Environment            : HHH000206: hibernate.properties not found
2020-05-02 20:02:32.283  INFO 12712 --- [    Test worker] o.hibernate.annotations.common.Version   : HCANN000001: Hibernate Commons Annotations {5.0.4.Final}
2020-05-02 20:02:32.377  INFO 12712 --- [    Test worker] org.hibernate.dialect.Dialect            : HHH000400: Using dialect: org.hibernate.dialect.MySQL5InnoDBDialect
Hibernate: drop table if exists posts
Hibernate: drop table if exists user
Hibernate: create table posts (id bigint not null auto_increment, created_date datetime, modified_date datetime, author varchar(255), content TEXT not null, title varchar(500) not null, primary key (id)) engine=InnoDB
Hibernate: create table user (id bigint not null auto_increment, created_date datetime, modified_date datetime, email varchar(255) not null, name varchar(255) not null, picture varchar(255), role varchar(255) not null, primary key (id)) engine=InnoDB
2020-05-02 20:02:32.861  INFO 12712 --- [    Test worker] o.h.t.schema.internal.SchemaCreatorImpl  : HHH000476: Executing import script 'org.hibernate.tool.schema.internal.exec.ScriptSourceInputNonExistentImpl@701ce787'
2020-05-02 20:02:32.863  INFO 12712 --- [    Test worker] j.LocalContainerEntityManagerFactoryBean : Initialized JPA EntityManagerFactory for persistence unit 'default'
2020-05-02 20:02:33.514  INFO 12712 --- [    Test worker] o.h.h.i.QueryTranslatorFactoryInitiator  : HHH000397: Using ASTQueryTranslatorFactory
2020-05-02 20:02:33.810  INFO 12712 --- [    Test worker] o.s.s.web.DefaultSecurityFilterChain     : Creating filter chain: any request, [org.springframework.security.web.context.request.async.WebAsyncManagerIntegrationFilter@4a9fd576, org.springframework.security.web.context.SecurityContextPersistenceFilter@36a78e4a, org.springframework.security.web.header.HeaderWriterFilter@6ffafa7, org.springframework.security.web.authentication.logout.LogoutFilter@25ad8e8b, org.springframework.security.oauth2.client.web.OAuth2AuthorizationRequestRedirectFilter@535f6b, org.springframework.security.oauth2.client.web.OAuth2LoginAuthenticationFilter@4b31000b, org.springframework.security.web.authentication.ui.DefaultLoginPageGeneratingFilter@7e004aaf, org.springframework.security.web.authentication.ui.DefaultLogoutPageGeneratingFilter@7f4fef1e, org.springframework.security.web.savedrequest.RequestCacheAwareFilter@99f7d09, org.springframework.security.web.servletapi.SecurityContextHolderAwareRequestFilter@24c8f61d, org.springframework.security.web.authentication.AnonymousAuthenticationFilter@6361129f, org.springframework.security.web.session.SessionManagementFilter@175da4dc, org.springframework.security.web.access.ExceptionTranslationFilter@2b1013cb, org.springframework.security.web.access.intercept.FilterSecurityInterceptor@6c431010]
2020-05-02 20:02:34.093  INFO 12712 --- [    Test worker] o.s.s.concurrent.ThreadPoolTaskExecutor  : Initializing ExecutorService 'applicationTaskExecutor'
2020-05-02 20:02:34.139  WARN 12712 --- [    Test worker] aWebConfiguration$JpaWebMvcConfiguration : spring.jpa.open-in-view is enabled by default. Therefore, database queries may be performed during view rendering. Explicitly configure spring.jpa.open-in-view to disable this warning
2020-05-02 20:02:34.185  INFO 12712 --- [    Test worker] o.s.b.a.w.s.WelcomePageHandlerMapping    : Adding welcome page template: index
2020-05-02 20:02:34.478  INFO 12712 --- [    Test worker] s.a.ScheduledAnnotationBeanPostProcessor : No TaskScheduler/ScheduledExecutorService bean found for scheduled processing
2020-05-02 20:02:34.499  INFO 12712 --- [    Test worker] o.s.b.w.embedded.tomcat.TomcatWebServer  : Tomcat started on port(s): 63139 (http) with context path ''
2020-05-02 20:02:34.501  INFO 12712 --- [    Test worker] c.j.p.s.web.IndexControllerTest          : Started IndexControllerTest in 4.284 seconds (JVM running for 5.012)
2020-05-02 20:02:34.630  INFO 12712 --- [o-auto-1-exec-1] o.a.c.c.C.[Tomcat].[localhost].[/]       : Initializing Spring DispatcherServlet 'dispatcherServlet'
2020-05-02 20:02:34.630  INFO 12712 --- [o-auto-1-exec-1] o.s.web.servlet.DispatcherServlet        : Initializing Servlet 'dispatcherServlet'
2020-05-02 20:02:34.647  INFO 12712 --- [o-auto-1-exec-1] o.s.web.servlet.DispatcherServlet        : Completed initialization in 17 ms
Hibernate: select posts0_.id as id1_0_, posts0_.created_date as created_2_0_, posts0_.modified_date as modified3_0_, posts0_.author as author4_0_, posts0_.content as content5_0_, posts0_.title as title6_0_ from posts posts0_ order by posts0_.id DESC
]]></system-out>
  <system-err><![CDATA[]]></system-err>
</testsuite>
